[02-Mar-2020 04:02:44 Asia/Tokyo] PHP Fatal error:  Cannot make non static method HistoryInterface::set() static in class History in C:\xampp\htdocs\php_object_op\index.php on line 120
[02-Mar-2020 04:03:48 Asia/Tokyo] PHP Fatal error:  Declaration of History::set($str) must be compatible with HistoryInterface::set() in C:\xampp\htdocs\php_object_op\index.php on line 120
[02-Mar-2020 04:04:14 Asia/Tokyo] PHP Fatal error:  Cannot make non static method HistoryInterface::set() static in class History in C:\xampp\htdocs\php_object_op\index.php on line 120
[02-Mar-2020 04:07:52 Asia/Tokyo] PHP Fatal error:  Cannot make non static method HistoryInterface::clear() static in class History in C:\xampp\htdocs\php_object_op\index.php on line 120
[02-Mar-2020 04:08:18 Asia/Tokyo] PHP Fatal error:  Class History contains 2 abstract methods and must therefore be declared abstract or implement the remaining methods (HistoryInterface::set, HistoryInterface::clear) in C:\xampp\htdocs\php_object_op\index.php on line 120
[02-Mar-2020 04:09:14 Asia/Tokyo] PHP Fatal error:  Cannot make non static method HistoryInterface::clear() static in class History in C:\xampp\htdocs\php_object_op\index.php on line 120
[02-Mar-2020 04:09:42 Asia/Tokyo] PHP Fatal error:  Declaration of History::set($str) must be compatible with HistoryInterface::set() in C:\xampp\htdocs\php_object_op\index.php on line 120
[02-Mar-2020 04:36:24 Asia/Tokyo] PHP Fatal error:  Class History contains 2 abstract methods and must therefore be declared abstract or implement the remaining methods (HistoryInterface::set, HistoryInterface::clear) in C:\xampp\htdocs\php_object_op\index.php on line 120
[02-Mar-2020 04:36:55 Asia/Tokyo] PHP Fatal error:  Cannot make non static method HistoryInterface::scopeset() static in class History in C:\xampp\htdocs\php_object_op\index.php on line 120
[02-Mar-2020 04:37:52 Asia/Tokyo] POSTされた
[02-Mar-2020 04:37:52 Asia/Tokyo] PHP Notice:  Undefined index: monster in C:\xampp\htdocs\php_object_op\index.php on line 225
[02-Mar-2020 04:37:52 Asia/Tokyo] PHP Fatal error:  Uncaught Error: Call to a member function getHp() on null in C:\xampp\htdocs\php_object_op\index.php:225
Stack trace:
#0 {main}
  thrown in C:\xampp\htdocs\php_object_op\index.php on line 225
[02-Mar-2020 04:38:27 Asia/Tokyo] POSTされた
[02-Mar-2020 04:38:27 Asia/Tokyo] PHP Notice:  Undefined index: food in C:\xampp\htdocs\php_object_op\index.php on line 225
[02-Mar-2020 04:38:27 Asia/Tokyo] PHP Fatal error:  Uncaught Error: Call to a member function getHp() on null in C:\xampp\htdocs\php_object_op\index.php:225
Stack trace:
#0 {main}
  thrown in C:\xampp\htdocs\php_object_op\index.php on line 225
[02-Mar-2020 04:39:43 Asia/Tokyo] POSTされた
[02-Mar-2020 04:39:43 Asia/Tokyo] PHP Notice:  Undefined index: food in C:\xampp\htdocs\php_object_op\index.php on line 225
[02-Mar-2020 04:39:43 Asia/Tokyo] PHP Fatal error:  Uncaught Error: Call to a member function getHp() on null in C:\xampp\htdocs\php_object_op\index.php:225
Stack trace:
#0 {main}
  thrown in C:\xampp\htdocs\php_object_op\index.php on line 225
[02-Mar-2020 04:39:52 Asia/Tokyo] POSTされた
[02-Mar-2020 04:39:52 Asia/Tokyo] PHP Notice:  Undefined index: food in C:\xampp\htdocs\php_object_op\index.php on line 225
[02-Mar-2020 04:39:52 Asia/Tokyo] PHP Fatal error:  Uncaught Error: Call to a member function getHp() on null in C:\xampp\htdocs\php_object_op\index.php:225
Stack trace:
#0 {main}
  thrown in C:\xampp\htdocs\php_object_op\index.php on line 225
[02-Mar-2020 04:42:43 Asia/Tokyo] POSTされた
[02-Mar-2020 04:42:44 Asia/Tokyo] POSTされた
[02-Mar-2020 04:42:44 Asia/Tokyo] PHP Fatal error:  Uncaught Error: Call to undefined function createMonster() in C:\xampp\htdocs\php_object_op\index.php:156
Stack trace:
#0 C:\xampp\htdocs\php_object_op\index.php(174): init()
#1 {main}
  thrown in C:\xampp\htdocs\php_object_op\index.php on line 156
[02-Mar-2020 04:42:49 Asia/Tokyo] PHP Notice:  Undefined index: food in C:\xampp\htdocs\php_object_op\index.php on line 231
[02-Mar-2020 04:42:49 Asia/Tokyo] PHP Fatal error:  Uncaught Error: Call to a member function getHp() on null in C:\xampp\htdocs\php_object_op\index.php:231
Stack trace:
#0 {main}
  thrown in C:\xampp\htdocs\php_object_op\index.php on line 231
[02-Mar-2020 04:42:52 Asia/Tokyo] PHP Notice:  Undefined index: food in C:\xampp\htdocs\php_object_op\index.php on line 231
[02-Mar-2020 04:42:52 Asia/Tokyo] PHP Fatal error:  Uncaught Error: Call to a member function getHp() on null in C:\xampp\htdocs\php_object_op\index.php:231
Stack trace:
#0 {main}
  thrown in C:\xampp\htdocs\php_object_op\index.php on line 231
[02-Mar-2020 04:42:54 Asia/Tokyo] PHP Notice:  Undefined index: food in C:\xampp\htdocs\php_object_op\index.php on line 231
[02-Mar-2020 04:42:54 Asia/Tokyo] PHP Fatal error:  Uncaught Error: Call to a member function getHp() on null in C:\xampp\htdocs\php_object_op\index.php:231
Stack trace:
#0 {main}
  thrown in C:\xampp\htdocs\php_object_op\index.php on line 231
[02-Mar-2020 04:43:02 Asia/Tokyo] POSTされた
[02-Mar-2020 04:43:09 Asia/Tokyo] POSTされた
[02-Mar-2020 04:43:09 Asia/Tokyo] PHP Fatal error:  Uncaught Error: Call to undefined method Human::attack() in C:\xampp\htdocs\php_object_op\index.php:190
Stack trace:
#0 {main}
  thrown in C:\xampp\htdocs\php_object_op\index.php on line 190
[02-Mar-2020 04:43:14 Asia/Tokyo] POSTされた
[02-Mar-2020 04:43:27 Asia/Tokyo] POSTされた
[02-Mar-2020 04:43:27 Asia/Tokyo] PHP Fatal error:  Uncaught Error: Call to undefined method Human::attack() in C:\xampp\htdocs\php_object_op\index.php:190
Stack trace:
#0 {main}
  thrown in C:\xampp\htdocs\php_object_op\index.php on line 190
[02-Mar-2020 04:43:31 Asia/Tokyo] POSTされた
[02-Mar-2020 23:56:22 Asia/Tokyo] POSTされた
[02-Mar-2020 23:56:22 Asia/Tokyo] PHP Fatal error:  Uncaught Error: Call to undefined method Human::attack() in C:\xampp\htdocs\php_object_op\index.php:190
Stack trace:
#0 {main}
  thrown in C:\xampp\htdocs\php_object_op\index.php on line 190
[03-Mar-2020 00:03:45 Asia/Tokyo] POSTされた
[03-Mar-2020 00:03:45 Asia/Tokyo] PHP Fatal error:  Uncaught Error: Call to undefined method Human::attack() in C:\xampp\htdocs\php_object_op\index.php:190
Stack trace:
#0 {main}
  thrown in C:\xampp\htdocs\php_object_op\index.php on line 190
[03-Mar-2020 00:08:46 Asia/Tokyo] POSTされた
[03-Mar-2020 00:08:48 Asia/Tokyo] POSTされた
[03-Mar-2020 00:08:49 Asia/Tokyo] POSTされた
[03-Mar-2020 00:08:50 Asia/Tokyo] POSTされた
[03-Mar-2020 00:08:51 Asia/Tokyo] POSTされた
[03-Mar-2020 00:08:52 Asia/Tokyo] POSTされた
[03-Mar-2020 00:08:56 Asia/Tokyo] POSTされた
[03-Mar-2020 00:08:57 Asia/Tokyo] POSTされた
[03-Mar-2020 00:08:58 Asia/Tokyo] POSTされた
[03-Mar-2020 00:09:02 Asia/Tokyo] POSTされた
[03-Mar-2020 00:09:03 Asia/Tokyo] POSTされた
[03-Mar-2020 00:09:04 Asia/Tokyo] POSTされた
[03-Mar-2020 00:09:04 Asia/Tokyo] POSTされた
[03-Mar-2020 00:09:05 Asia/Tokyo] POSTされた
[03-Mar-2020 00:09:06 Asia/Tokyo] POSTされた
[03-Mar-2020 00:09:07 Asia/Tokyo] POSTされた
[03-Mar-2020 00:09:07 Asia/Tokyo] POSTされた
[03-Mar-2020 00:09:08 Asia/Tokyo] POSTされた
[03-Mar-2020 00:09:08 Asia/Tokyo] POSTされた
[03-Mar-2020 00:09:09 Asia/Tokyo] POSTされた
[03-Mar-2020 00:09:09 Asia/Tokyo] POSTされた
[03-Mar-2020 00:09:10 Asia/Tokyo] POSTされた
[03-Mar-2020 00:09:10 Asia/Tokyo] POSTされた
[03-Mar-2020 00:09:11 Asia/Tokyo] POSTされた
[03-Mar-2020 00:09:12 Asia/Tokyo] POSTされた
[03-Mar-2020 00:09:13 Asia/Tokyo] POSTされた
[03-Mar-2020 00:09:15 Asia/Tokyo] POSTされた
[03-Mar-2020 00:09:15 Asia/Tokyo] POSTされた
[03-Mar-2020 00:09:16 Asia/Tokyo] POSTされた
[03-Mar-2020 00:09:17 Asia/Tokyo] POSTされた
[03-Mar-2020 00:09:17 Asia/Tokyo] POSTされた
[03-Mar-2020 00:09:19 Asia/Tokyo] POSTされた
[03-Mar-2020 00:09:19 Asia/Tokyo] POSTされた
[03-Mar-2020 00:09:20 Asia/Tokyo] POSTされた
[03-Mar-2020 00:09:21 Asia/Tokyo] POSTされた
[03-Mar-2020 00:09:21 Asia/Tokyo] POSTされた
[03-Mar-2020 00:09:22 Asia/Tokyo] POSTされた
[03-Mar-2020 00:09:24 Asia/Tokyo] POSTされた
[03-Mar-2020 00:09:25 Asia/Tokyo] POSTされた
[03-Mar-2020 00:09:26 Asia/Tokyo] POSTされた
[03-Mar-2020 00:09:26 Asia/Tokyo] POSTされた
[03-Mar-2020 00:09:27 Asia/Tokyo] POSTされた
[03-Mar-2020 00:09:27 Asia/Tokyo] PHP Fatal error:  Uncaught Error: Call to undefined method Human::attack() in C:\xampp\htdocs\php_object_op\index.php:190
Stack trace:
#0 {main}
  thrown in C:\xampp\htdocs\php_object_op\index.php on line 190
[03-Mar-2020 00:11:43 Asia/Tokyo] POSTされた
[03-Mar-2020 00:11:44 Asia/Tokyo] PHP Notice:  Undefined variable: eatAmount in C:\xampp\htdocs\php_object_op\index.php on line 57
[03-Mar-2020 00:11:44 Asia/Tokyo] PHP Notice:  Undefined variable: eatAmount in C:\xampp\htdocs\php_object_op\index.php on line 58
[03-Mar-2020 00:11:44 Asia/Tokyo] PHP Notice:  Undefined variable: amount in C:\xampp\htdocs\php_object_op\index.php on line 79
[03-Mar-2020 00:15:30 Asia/Tokyo] POSTされた
[03-Mar-2020 00:15:30 Asia/Tokyo] PHP Notice:  Undefined variable: eatAmount in C:\xampp\htdocs\php_object_op\index.php on line 57
[03-Mar-2020 00:15:30 Asia/Tokyo] PHP Notice:  Undefined variable: eatAmount in C:\xampp\htdocs\php_object_op\index.php on line 58
[03-Mar-2020 00:15:30 Asia/Tokyo] PHP Notice:  Undefined variable: amount in C:\xampp\htdocs\php_object_op\index.php on line 83
[03-Mar-2020 00:15:30 Asia/Tokyo] PHP Notice:  Undefined variable: amount in C:\xampp\htdocs\php_object_op\index.php on line 84
[03-Mar-2020 00:21:39 Asia/Tokyo] POSTされた
[03-Mar-2020 00:21:39 Asia/Tokyo] PHP Notice:  Undefined variable: eatAmount in C:\xampp\htdocs\php_object_op\index.php on line 60
[03-Mar-2020 00:21:39 Asia/Tokyo] PHP Notice:  Undefined variable: eatAmount in C:\xampp\htdocs\php_object_op\index.php on line 61
[03-Mar-2020 00:21:39 Asia/Tokyo] PHP Notice:  Undefined variable: amount in C:\xampp\htdocs\php_object_op\index.php on line 86
[03-Mar-2020 00:21:39 Asia/Tokyo] PHP Notice:  Undefined variable: amount in C:\xampp\htdocs\php_object_op\index.php on line 87
[03-Mar-2020 00:21:40 Asia/Tokyo] POSTされた
[03-Mar-2020 00:21:40 Asia/Tokyo] PHP Notice:  Undefined variable: eatAmount in C:\xampp\htdocs\php_object_op\index.php on line 56
[03-Mar-2020 00:21:40 Asia/Tokyo] PHP Notice:  Undefined variable: amount in C:\xampp\htdocs\php_object_op\index.php on line 86
[03-Mar-2020 00:21:40 Asia/Tokyo] PHP Notice:  Undefined variable: amount in C:\xampp\htdocs\php_object_op\index.php on line 87
[03-Mar-2020 00:22:06 Asia/Tokyo] POSTされた
[03-Mar-2020 00:22:06 Asia/Tokyo] PHP Notice:  Undefined variable: eatAmount in C:\xampp\htdocs\php_object_op\index.php on line 53
[03-Mar-2020 00:22:06 Asia/Tokyo] PHP Notice:  Undefined variable: amount in C:\xampp\htdocs\php_object_op\index.php on line 83
[03-Mar-2020 00:22:06 Asia/Tokyo] PHP Notice:  Undefined variable: amount in C:\xampp\htdocs\php_object_op\index.php on line 84
[03-Mar-2020 00:22:08 Asia/Tokyo] POSTされた
[03-Mar-2020 00:22:08 Asia/Tokyo] PHP Notice:  Undefined variable: eatAmount in C:\xampp\htdocs\php_object_op\index.php on line 53
[03-Mar-2020 00:22:08 Asia/Tokyo] PHP Notice:  Undefined variable: amount in C:\xampp\htdocs\php_object_op\index.php on line 79
[03-Mar-2020 00:22:13 Asia/Tokyo] POSTされた
[03-Mar-2020 00:22:13 Asia/Tokyo] PHP Notice:  Undefined variable: eatAmount in C:\xampp\htdocs\php_object_op\index.php on line 53
[03-Mar-2020 00:22:13 Asia/Tokyo] PHP Notice:  Undefined variable: amount in C:\xampp\htdocs\php_object_op\index.php on line 83
[03-Mar-2020 00:22:13 Asia/Tokyo] PHP Notice:  Undefined variable: amount in C:\xampp\htdocs\php_object_op\index.php on line 84
[03-Mar-2020 00:22:16 Asia/Tokyo] POSTされた
[03-Mar-2020 00:22:16 Asia/Tokyo] PHP Notice:  Undefined variable: eatAmount in C:\xampp\htdocs\php_object_op\index.php on line 57
[03-Mar-2020 00:22:16 Asia/Tokyo] PHP Notice:  Undefined variable: eatAmount in C:\xampp\htdocs\php_object_op\index.php on line 58
[03-Mar-2020 00:22:16 Asia/Tokyo] PHP Notice:  Undefined variable: amount in C:\xampp\htdocs\php_object_op\index.php on line 79
[03-Mar-2020 00:22:19 Asia/Tokyo] POSTされた
[03-Mar-2020 00:22:19 Asia/Tokyo] PHP Notice:  Undefined variable: eatAmount in C:\xampp\htdocs\php_object_op\index.php on line 57
[03-Mar-2020 00:22:19 Asia/Tokyo] PHP Notice:  Undefined variable: eatAmount in C:\xampp\htdocs\php_object_op\index.php on line 58
[03-Mar-2020 00:22:19 Asia/Tokyo] PHP Notice:  Undefined variable: amount in C:\xampp\htdocs\php_object_op\index.php on line 83
[03-Mar-2020 00:22:19 Asia/Tokyo] PHP Notice:  Undefined variable: amount in C:\xampp\htdocs\php_object_op\index.php on line 84
[03-Mar-2020 00:22:21 Asia/Tokyo] POSTされた
[03-Mar-2020 00:22:21 Asia/Tokyo] PHP Notice:  Undefined variable: eatAmount in C:\xampp\htdocs\php_object_op\index.php on line 53
[03-Mar-2020 00:22:21 Asia/Tokyo] PHP Notice:  Undefined variable: amount in C:\xampp\htdocs\php_object_op\index.php on line 79
[03-Mar-2020 00:23:27 Asia/Tokyo] POSTされた
[03-Mar-2020 00:23:27 Asia/Tokyo] PHP Notice:  Undefined variable: eatAmount in C:\xampp\htdocs\php_object_op\index.php on line 57
[03-Mar-2020 00:23:27 Asia/Tokyo] PHP Notice:  Undefined variable: eatAmount in C:\xampp\htdocs\php_object_op\index.php on line 58
[03-Mar-2020 00:23:27 Asia/Tokyo] PHP Notice:  Undefined variable: amount in C:\xampp\htdocs\php_object_op\index.php on line 83
[03-Mar-2020 00:23:27 Asia/Tokyo] PHP Notice:  Undefined variable: amount in C:\xampp\htdocs\php_object_op\index.php on line 84
[03-Mar-2020 00:23:29 Asia/Tokyo] POSTされた
[03-Mar-2020 00:23:29 Asia/Tokyo] PHP Notice:  Undefined variable: eatAmount in C:\xampp\htdocs\php_object_op\index.php on line 57
[03-Mar-2020 00:23:29 Asia/Tokyo] PHP Notice:  Undefined variable: eatAmount in C:\xampp\htdocs\php_object_op\index.php on line 58
[03-Mar-2020 00:23:29 Asia/Tokyo] PHP Notice:  Undefined variable: amount in C:\xampp\htdocs\php_object_op\index.php on line 83
[03-Mar-2020 00:23:29 Asia/Tokyo] PHP Notice:  Undefined variable: amount in C:\xampp\htdocs\php_object_op\index.php on line 84
[03-Mar-2020 00:23:31 Asia/Tokyo] POSTされた
[03-Mar-2020 00:23:31 Asia/Tokyo] PHP Notice:  Undefined variable: eatAmount in C:\xampp\htdocs\php_object_op\index.php on line 57
[03-Mar-2020 00:23:31 Asia/Tokyo] PHP Notice:  Undefined variable: eatAmount in C:\xampp\htdocs\php_object_op\index.php on line 58
[03-Mar-2020 00:23:31 Asia/Tokyo] PHP Notice:  Undefined variable: amount in C:\xampp\htdocs\php_object_op\index.php on line 83
[03-Mar-2020 00:23:31 Asia/Tokyo] PHP Notice:  Undefined variable: amount in C:\xampp\htdocs\php_object_op\index.php on line 84
[03-Mar-2020 00:30:29 Asia/Tokyo] POSTされた
[03-Mar-2020 00:30:29 Asia/Tokyo] PHP Notice:  Undefined variable: eatAmount in C:\xampp\htdocs\php_object_op\index.php on line 58
[03-Mar-2020 00:30:29 Asia/Tokyo] PHP Notice:  Undefined variable: amount in C:\xampp\htdocs\php_object_op\index.php on line 83
[03-Mar-2020 00:30:29 Asia/Tokyo] PHP Notice:  Undefined variable: amount in C:\xampp\htdocs\php_object_op\index.php on line 84
[03-Mar-2020 00:30:30 Asia/Tokyo] POSTされた
[03-Mar-2020 00:30:30 Asia/Tokyo] PHP Notice:  Undefined variable: eatAmount in C:\xampp\htdocs\php_object_op\index.php on line 58
[03-Mar-2020 00:30:30 Asia/Tokyo] PHP Notice:  Undefined variable: amount in C:\xampp\htdocs\php_object_op\index.php on line 83
[03-Mar-2020 00:30:30 Asia/Tokyo] PHP Notice:  Undefined variable: amount in C:\xampp\htdocs\php_object_op\index.php on line 84
[03-Mar-2020 00:30:46 Asia/Tokyo] POSTされた
[03-Mar-2020 00:30:46 Asia/Tokyo] PHP Notice:  Undefined variable: amount in C:\xampp\htdocs\php_object_op\index.php on line 83
[03-Mar-2020 00:30:46 Asia/Tokyo] PHP Notice:  Undefined variable: amount in C:\xampp\htdocs\php_object_op\index.php on line 84
[03-Mar-2020 00:30:48 Asia/Tokyo] POSTされた
[03-Mar-2020 00:30:48 Asia/Tokyo] PHP Notice:  Undefined variable: eatAmount in C:\xampp\htdocs\php_object_op\index.php on line 53
[03-Mar-2020 00:30:48 Asia/Tokyo] PHP Notice:  Undefined variable: amount in C:\xampp\htdocs\php_object_op\index.php on line 83
[03-Mar-2020 00:30:48 Asia/Tokyo] PHP Notice:  Undefined variable: amount in C:\xampp\htdocs\php_object_op\index.php on line 84
[03-Mar-2020 00:31:40 Asia/Tokyo] POSTされた
[03-Mar-2020 00:31:40 Asia/Tokyo] PHP Notice:  Undefined variable: amount in C:\xampp\htdocs\php_object_op\index.php on line 83
[03-Mar-2020 00:31:40 Asia/Tokyo] PHP Notice:  Undefined variable: amount in C:\xampp\htdocs\php_object_op\index.php on line 84
[03-Mar-2020 00:31:43 Asia/Tokyo] POSTされた
[03-Mar-2020 00:31:43 Asia/Tokyo] PHP Notice:  Undefined variable: amount in C:\xampp\htdocs\php_object_op\index.php on line 83
[03-Mar-2020 00:31:43 Asia/Tokyo] PHP Notice:  Undefined variable: amount in C:\xampp\htdocs\php_object_op\index.php on line 84
[03-Mar-2020 00:31:43 Asia/Tokyo] PHP Fatal error:  Uncaught Error: Call to undefined function createMonster() in C:\xampp\htdocs\php_object_op\index.php:203
Stack trace:
#0 {main}
  thrown in C:\xampp\htdocs\php_object_op\index.php on line 203
[03-Mar-2020 00:32:22 Asia/Tokyo] POSTされた
[03-Mar-2020 00:32:22 Asia/Tokyo] PHP Notice:  Undefined variable: amount in C:\xampp\htdocs\php_object_op\index.php on line 84
[03-Mar-2020 00:32:22 Asia/Tokyo] PHP Fatal error:  Uncaught Error: Call to undefined function createMonster() in C:\xampp\htdocs\php_object_op\index.php:203
Stack trace:
#0 {main}
  thrown in C:\xampp\htdocs\php_object_op\index.php on line 203
[03-Mar-2020 00:32:32 Asia/Tokyo] POSTされた
[03-Mar-2020 00:32:32 Asia/Tokyo] PHP Fatal error:  Uncaught Error: Call to undefined function createMonster() in C:\xampp\htdocs\php_object_op\index.php:203
Stack trace:
#0 {main}
  thrown in C:\xampp\htdocs\php_object_op\index.php on line 203
[03-Mar-2020 00:32:54 Asia/Tokyo] POSTされた
[03-Mar-2020 00:32:59 Asia/Tokyo] POSTされた
[03-Mar-2020 00:33:00 Asia/Tokyo] POSTされた
[03-Mar-2020 00:33:01 Asia/Tokyo] POSTされた
[03-Mar-2020 00:33:03 Asia/Tokyo] POSTされた
[03-Mar-2020 00:33:03 Asia/Tokyo] PHP Fatal error:  Uncaught Error: Call to undefined function createMonster() in C:\xampp\htdocs\php_object_op\index.php:156
Stack trace:
#0 C:\xampp\htdocs\php_object_op\index.php(174): init()
#1 {main}
  thrown in C:\xampp\htdocs\php_object_op\index.php on line 156
[03-Mar-2020 00:33:20 Asia/Tokyo] POSTされた
[03-Mar-2020 00:33:25 Asia/Tokyo] POSTされた
[03-Mar-2020 00:33:36 Asia/Tokyo] POSTされた
[03-Mar-2020 00:33:37 Asia/Tokyo] POSTされた
[03-Mar-2020 00:33:37 Asia/Tokyo] POSTされた
[03-Mar-2020 00:33:39 Asia/Tokyo] POSTされた
[03-Mar-2020 00:33:39 Asia/Tokyo] POSTされた
[03-Mar-2020 00:33:53 Asia/Tokyo] POSTされた
[03-Mar-2020 00:33:56 Asia/Tokyo] POSTされた
[03-Mar-2020 00:34:03 Asia/Tokyo] POSTされた
[03-Mar-2020 00:34:04 Asia/Tokyo] POSTされた
[03-Mar-2020 00:34:05 Asia/Tokyo] POSTされた
[03-Mar-2020 00:34:06 Asia/Tokyo] POSTされた
[03-Mar-2020 00:34:06 Asia/Tokyo] POSTされた
[03-Mar-2020 00:34:07 Asia/Tokyo] POSTされた
[03-Mar-2020 00:34:08 Asia/Tokyo] POSTされた
[03-Mar-2020 00:34:12 Asia/Tokyo] POSTされた
[03-Mar-2020 00:34:17 Asia/Tokyo] POSTされた
[03-Mar-2020 00:34:18 Asia/Tokyo] POSTされた
[03-Mar-2020 00:34:18 Asia/Tokyo] POSTされた
[03-Mar-2020 00:34:19 Asia/Tokyo] POSTされた
[03-Mar-2020 00:34:19 Asia/Tokyo] POSTされた
[03-Mar-2020 00:34:20 Asia/Tokyo] POSTされた
[03-Mar-2020 00:34:59 Asia/Tokyo] POSTされた
[03-Mar-2020 00:35:01 Asia/Tokyo] POSTされた
[03-Mar-2020 00:35:02 Asia/Tokyo] POSTされた
[03-Mar-2020 00:35:04 Asia/Tokyo] POSTされた
[03-Mar-2020 00:35:04 Asia/Tokyo] POSTされた
[03-Mar-2020 00:35:05 Asia/Tokyo] POSTされた
[03-Mar-2020 00:35:06 Asia/Tokyo] POSTされた
[03-Mar-2020 00:35:07 Asia/Tokyo] POSTされた
[03-Mar-2020 00:35:08 Asia/Tokyo] POSTされた
[03-Mar-2020 00:35:09 Asia/Tokyo] POSTされた
[03-Mar-2020 00:35:10 Asia/Tokyo] POSTされた
[03-Mar-2020 00:35:11 Asia/Tokyo] POSTされた
[03-Mar-2020 00:35:12 Asia/Tokyo] POSTされた
[03-Mar-2020 00:35:14 Asia/Tokyo] POSTされた
[03-Mar-2020 00:35:31 Asia/Tokyo] POSTされた
[03-Mar-2020 00:35:31 Asia/Tokyo] POSTされた
[03-Mar-2020 00:35:32 Asia/Tokyo] POSTされた
[03-Mar-2020 00:35:32 Asia/Tokyo] POSTされた
[03-Mar-2020 00:35:33 Asia/Tokyo] POSTされた
[03-Mar-2020 00:35:33 Asia/Tokyo] POSTされた
[03-Mar-2020 00:35:34 Asia/Tokyo] POSTされた
[03-Mar-2020 00:35:54 Asia/Tokyo] POSTされた
[03-Mar-2020 00:35:54 Asia/Tokyo] POSTされた
[03-Mar-2020 00:35:55 Asia/Tokyo] POSTされた
[03-Mar-2020 00:35:55 Asia/Tokyo] POSTされた
[03-Mar-2020 00:35:55 Asia/Tokyo] POSTされた
[03-Mar-2020 00:35:56 Asia/Tokyo] POSTされた
[03-Mar-2020 00:35:56 Asia/Tokyo] POSTされた
[03-Mar-2020 00:35:56 Asia/Tokyo] POSTされた
[03-Mar-2020 00:35:57 Asia/Tokyo] POSTされた
[03-Mar-2020 00:57:24 Asia/Tokyo] POSTされた
[03-Mar-2020 00:57:26 Asia/Tokyo] POSTされた
[03-Mar-2020 00:57:28 Asia/Tokyo] POSTされた
[03-Mar-2020 00:57:29 Asia/Tokyo] POSTされた
[03-Mar-2020 00:57:30 Asia/Tokyo] POSTされた
[03-Mar-2020 00:57:35 Asia/Tokyo] POSTされた
[03-Mar-2020 00:57:39 Asia/Tokyo] POSTされた
[03-Mar-2020 00:57:40 Asia/Tokyo] POSTされた
[03-Mar-2020 00:57:41 Asia/Tokyo] POSTされた
[03-Mar-2020 00:57:49 Asia/Tokyo] POSTされた
[03-Mar-2020 00:57:49 Asia/Tokyo] POSTされた
[03-Mar-2020 00:57:50 Asia/Tokyo] POSTされた
[03-Mar-2020 00:57:51 Asia/Tokyo] POSTされた
[03-Mar-2020 00:57:52 Asia/Tokyo] POSTされた
[03-Mar-2020 00:57:52 Asia/Tokyo] POSTされた
[03-Mar-2020 00:57:54 Asia/Tokyo] POSTされた
[03-Mar-2020 00:59:10 Asia/Tokyo] POSTされた
[03-Mar-2020 00:59:12 Asia/Tokyo] POSTされた
[03-Mar-2020 00:59:12 Asia/Tokyo] POSTされた
[03-Mar-2020 00:59:12 Asia/Tokyo] POSTされた
[03-Mar-2020 00:59:13 Asia/Tokyo] POSTされた
[03-Mar-2020 00:59:13 Asia/Tokyo] POSTされた
[03-Mar-2020 00:59:13 Asia/Tokyo] POSTされた
[03-Mar-2020 00:59:14 Asia/Tokyo] POSTされた
[03-Mar-2020 00:59:17 Asia/Tokyo] POSTされた
[03-Mar-2020 00:59:19 Asia/Tokyo] POSTされた
[03-Mar-2020 00:59:31 Asia/Tokyo] POSTされた
[03-Mar-2020 00:59:33 Asia/Tokyo] POSTされた
[03-Mar-2020 00:59:35 Asia/Tokyo] POSTされた
[03-Mar-2020 00:59:52 Asia/Tokyo] POSTされた
[03-Mar-2020 01:03:08 Asia/Tokyo] POSTされた
[03-Mar-2020 01:03:09 Asia/Tokyo] POSTされた
[03-Mar-2020 01:03:11 Asia/Tokyo] POSTされた
[03-Mar-2020 01:03:12 Asia/Tokyo] POSTされた
[03-Mar-2020 01:03:15 Asia/Tokyo] POSTされた
[03-Mar-2020 01:03:16 Asia/Tokyo] POSTされた
[03-Mar-2020 01:03:22 Asia/Tokyo] POSTされた
[03-Mar-2020 01:03:50 Asia/Tokyo] POSTされた
[03-Mar-2020 01:03:51 Asia/Tokyo] POSTされた
[03-Mar-2020 01:03:53 Asia/Tokyo] POSTされた
[03-Mar-2020 01:04:08 Asia/Tokyo] POSTされた
[03-Mar-2020 01:04:10 Asia/Tokyo] POSTされた
[03-Mar-2020 01:04:12 Asia/Tokyo] POSTされた
[03-Mar-2020 01:04:14 Asia/Tokyo] POSTされた
[03-Mar-2020 01:04:17 Asia/Tokyo] POSTされた
[03-Mar-2020 01:04:22 Asia/Tokyo] POSTされた
[03-Mar-2020 01:04:26 Asia/Tokyo] POSTされた
[03-Mar-2020 01:04:27 Asia/Tokyo] POSTされた
[03-Mar-2020 01:04:28 Asia/Tokyo] POSTされた
[03-Mar-2020 01:04:29 Asia/Tokyo] POSTされた
[03-Mar-2020 01:04:35 Asia/Tokyo] POSTされた
[03-Mar-2020 01:04:36 Asia/Tokyo] POSTされた
[03-Mar-2020 01:04:43 Asia/Tokyo] POSTされた
[03-Mar-2020 01:10:34 Asia/Tokyo] POSTされた
[03-Mar-2020 01:10:36 Asia/Tokyo] POSTされた
[03-Mar-2020 01:10:39 Asia/Tokyo] POSTされた
[03-Mar-2020 01:10:40 Asia/Tokyo] POSTされた
[03-Mar-2020 01:10:41 Asia/Tokyo] POSTされた
[03-Mar-2020 01:10:55 Asia/Tokyo] POSTされた
[03-Mar-2020 01:10:59 Asia/Tokyo] POSTされた
[03-Mar-2020 01:11:00 Asia/Tokyo] POSTされた
[03-Mar-2020 01:11:04 Asia/Tokyo] POSTされた
[03-Mar-2020 01:11:05 Asia/Tokyo] POSTされた
[03-Mar-2020 01:11:07 Asia/Tokyo] POSTされた
[03-Mar-2020 01:14:21 Asia/Tokyo] POSTされた
[03-Mar-2020 01:14:25 Asia/Tokyo] POSTされた
[03-Mar-2020 01:14:39 Asia/Tokyo] POSTされた
[03-Mar-2020 01:14:41 Asia/Tokyo] POSTされた
[03-Mar-2020 01:14:43 Asia/Tokyo] POSTされた
[03-Mar-2020 01:14:44 Asia/Tokyo] POSTされた
[03-Mar-2020 01:14:50 Asia/Tokyo] POSTされた
[03-Mar-2020 01:17:09 Asia/Tokyo] POSTされた
[03-Mar-2020 01:17:14 Asia/Tokyo] POSTされた
[03-Mar-2020 01:19:33 Asia/Tokyo] POSTされた
[03-Mar-2020 01:19:50 Asia/Tokyo] POSTされた
[03-Mar-2020 01:19:59 Asia/Tokyo] POSTされた
[03-Mar-2020 01:20:00 Asia/Tokyo] POSTされた
[03-Mar-2020 01:20:03 Asia/Tokyo] POSTされた
[03-Mar-2020 01:20:06 Asia/Tokyo] POSTされた
[03-Mar-2020 01:20:07 Asia/Tokyo] POSTされた
[03-Mar-2020 01:20:08 Asia/Tokyo] POSTされた
[03-Mar-2020 01:20:45 Asia/Tokyo] POSTされた
[03-Mar-2020 01:20:47 Asia/Tokyo] POSTされた
[03-Mar-2020 01:20:48 Asia/Tokyo] POSTされた
[03-Mar-2020 01:20:49 Asia/Tokyo] POSTされた
[03-Mar-2020 01:20:53 Asia/Tokyo] POSTされた
[03-Mar-2020 01:20:54 Asia/Tokyo] POSTされた
[03-Mar-2020 01:21:54 Asia/Tokyo] POSTされた
[03-Mar-2020 01:22:05 Asia/Tokyo] POSTされた
[03-Mar-2020 01:22:11 Asia/Tokyo] POSTされた
[03-Mar-2020 01:22:12 Asia/Tokyo] POSTされた
[03-Mar-2020 01:22:18 Asia/Tokyo] POSTされた
[03-Mar-2020 01:22:19 Asia/Tokyo] POSTされた
[03-Mar-2020 01:22:20 Asia/Tokyo] POSTされた
[03-Mar-2020 01:22:22 Asia/Tokyo] POSTされた
[03-Mar-2020 01:22:39 Asia/Tokyo] POSTされた
[03-Mar-2020 01:25:19 Asia/Tokyo] POSTされた
[03-Mar-2020 01:25:20 Asia/Tokyo] POSTされた
[03-Mar-2020 01:25:22 Asia/Tokyo] POSTされた
[03-Mar-2020 01:26:25 Asia/Tokyo] POSTされた
[03-Mar-2020 01:26:26 Asia/Tokyo] POSTされた
[03-Mar-2020 01:26:27 Asia/Tokyo] POSTされた
[03-Mar-2020 01:26:27 Asia/Tokyo] POSTされた
[03-Mar-2020 01:26:28 Asia/Tokyo] POSTされた
[03-Mar-2020 01:27:30 Asia/Tokyo] POSTされた
[03-Mar-2020 01:27:31 Asia/Tokyo] POSTされた
[03-Mar-2020 01:27:33 Asia/Tokyo] POSTされた
[03-Mar-2020 01:27:34 Asia/Tokyo] POSTされた
[03-Mar-2020 01:27:34 Asia/Tokyo] POSTされた
[03-Mar-2020 01:27:35 Asia/Tokyo] POSTされた
[03-Mar-2020 01:27:36 Asia/Tokyo] POSTされた
[03-Mar-2020 01:27:36 Asia/Tokyo] POSTされた
[03-Mar-2020 01:29:29 Asia/Tokyo] POSTされた
[03-Mar-2020 01:29:32 Asia/Tokyo] POSTされた
[03-Mar-2020 01:31:15 Asia/Tokyo] POSTされた
[03-Mar-2020 01:31:41 Asia/Tokyo] POSTされた
[03-Mar-2020 01:31:57 Asia/Tokyo] POSTされた
[03-Mar-2020 01:32:04 Asia/Tokyo] POSTされた
[03-Mar-2020 01:32:39 Asia/Tokyo] POSTされた
[03-Mar-2020 01:32:40 Asia/Tokyo] POSTされた
[03-Mar-2020 01:32:40 Asia/Tokyo] POSTされた
[03-Mar-2020 01:38:21 Asia/Tokyo] POSTされた
[03-Mar-2020 01:38:21 Asia/Tokyo] PHP Fatal error:  Uncaught Error: Cannot access protected property Food::$hp in C:\xampp\htdocs\php_object_op\index.php:261
Stack trace:
#0 {main}
  thrown in C:\xampp\htdocs\php_object_op\index.php on line 261
[03-Mar-2020 01:38:30 Asia/Tokyo] POSTされた
[03-Mar-2020 01:38:30 Asia/Tokyo] PHP Notice:  Undefined variable: hp in C:\xampp\htdocs\php_object_op\index.php on line 261
[03-Mar-2020 01:38:30 Asia/Tokyo] PHP Notice:  Undefined property: Food::$ in C:\xampp\htdocs\php_object_op\index.php on line 261
[03-Mar-2020 01:45:21 Asia/Tokyo] POSTされた
[03-Mar-2020 01:45:23 Asia/Tokyo] POSTされた
[03-Mar-2020 01:45:24 Asia/Tokyo] POSTされた
[03-Mar-2020 01:45:25 Asia/Tokyo] POSTされた
[03-Mar-2020 01:45:26 Asia/Tokyo] POSTされた
[03-Mar-2020 01:45:28 Asia/Tokyo] POSTされた
[03-Mar-2020 02:10:10 Asia/Tokyo] POSTされた
[03-Mar-2020 02:10:11 Asia/Tokyo] POSTされた
[03-Mar-2020 02:10:13 Asia/Tokyo] POSTされた
[03-Mar-2020 02:21:37 Asia/Tokyo] POSTされた
[03-Mar-2020 02:21:37 Asia/Tokyo] PHP Notice:  Undefined variable: originHp in C:\xampp\htdocs\php_object_op\index.php on line 266
[03-Mar-2020 02:27:06 Asia/Tokyo] POSTされた
[03-Mar-2020 02:27:47 Asia/Tokyo] POSTされた
[03-Mar-2020 02:28:11 Asia/Tokyo] POSTされた
[03-Mar-2020 02:28:11 Asia/Tokyo] PHP Fatal error:  Uncaught Error: Call to undefined method Food::getOriginHumanHp() in C:\xampp\htdocs\php_object_op\index.php:266
Stack trace:
#0 {main}
  thrown in C:\xampp\htdocs\php_object_op\index.php on line 266
[03-Mar-2020 02:28:50 Asia/Tokyo] POSTされた
[03-Mar-2020 02:34:41 Asia/Tokyo] POSTされた
[03-Mar-2020 02:34:41 Asia/Tokyo] PHP Notice:  Undefined property: Food::$originFoodHp in C:\xampp\htdocs\php_object_op\index.php on line 90
[03-Mar-2020 02:34:41 Asia/Tokyo] PHP Fatal error:  Uncaught Error: Call to undefined method Food::getOriginHumanHp() in C:\xampp\htdocs\php_object_op\index.php:288
Stack trace:
#0 {main}
  thrown in C:\xampp\htdocs\php_object_op\index.php on line 288
[03-Mar-2020 02:35:08 Asia/Tokyo] POSTされた
[03-Mar-2020 02:35:08 Asia/Tokyo] PHP Fatal error:  Uncaught Error: Call to undefined method Food::getOriginHumanHp() in C:\xampp\htdocs\php_object_op\index.php:288
Stack trace:
#0 {main}
  thrown in C:\xampp\htdocs\php_object_op\index.php on line 288
[03-Mar-2020 02:35:36 Asia/Tokyo] POSTされた
[03-Mar-2020 02:37:21 Asia/Tokyo] POSTされた
[03-Mar-2020 02:37:23 Asia/Tokyo] POSTされた
[03-Mar-2020 02:37:33 Asia/Tokyo] POSTされた
[03-Mar-2020 02:38:47 Asia/Tokyo] POSTされた
[03-Mar-2020 02:38:47 Asia/Tokyo] PHP Fatal error:  Uncaught Error: Call to undefined method Food::getOriginHumanHp() in C:\xampp\htdocs\php_object_op\index.php:288
Stack trace:
#0 {main}
  thrown in C:\xampp\htdocs\php_object_op\index.php on line 288
[03-Mar-2020 02:38:51 Asia/Tokyo] POSTされた
[03-Mar-2020 02:38:51 Asia/Tokyo] PHP Fatal error:  Uncaught Error: Call to undefined method Food::getOriginHumanHp() in C:\xampp\htdocs\php_object_op\index.php:288
Stack trace:
#0 {main}
  thrown in C:\xampp\htdocs\php_object_op\index.php on line 288
[03-Mar-2020 02:40:47 Asia/Tokyo] POSTされた
[03-Mar-2020 02:40:47 Asia/Tokyo] PHP Fatal error:  Uncaught Error: Call to undefined method Food::getOriginHumanHp() in C:\xampp\htdocs\php_object_op\index.php:288
Stack trace:
#0 {main}
  thrown in C:\xampp\htdocs\php_object_op\index.php on line 288
[03-Mar-2020 02:40:56 Asia/Tokyo] POSTされた
[03-Mar-2020 02:40:56 Asia/Tokyo] PHP Fatal error:  Uncaught Error: Call to undefined method Food::getOriginHumanHp() in C:\xampp\htdocs\php_object_op\index.php:288
Stack trace:
#0 {main}
  thrown in C:\xampp\htdocs\php_object_op\index.php on line 288
[03-Mar-2020 02:41:26 Asia/Tokyo] POSTされた
[03-Mar-2020 02:41:28 Asia/Tokyo] POSTされた
[03-Mar-2020 02:41:51 Asia/Tokyo] POSTされた
[03-Mar-2020 02:42:06 Asia/Tokyo] POSTされた
[03-Mar-2020 02:42:12 Asia/Tokyo] POSTされた
[03-Mar-2020 02:42:13 Asia/Tokyo] POSTされた
[03-Mar-2020 02:42:19 Asia/Tokyo] POSTされた
[03-Mar-2020 02:42:20 Asia/Tokyo] POSTされた
[03-Mar-2020 02:42:32 Asia/Tokyo] POSTされた
[03-Mar-2020 02:42:33 Asia/Tokyo] POSTされた
[03-Mar-2020 02:43:29 Asia/Tokyo] POSTされた
[03-Mar-2020 02:43:30 Asia/Tokyo] POSTされた
[03-Mar-2020 02:43:32 Asia/Tokyo] POSTされた
[03-Mar-2020 02:43:35 Asia/Tokyo] POSTされた
[03-Mar-2020 02:43:36 Asia/Tokyo] POSTされた
[03-Mar-2020 02:44:32 Asia/Tokyo] POSTされた
[03-Mar-2020 02:44:32 Asia/Tokyo] POSTされた
[03-Mar-2020 02:44:34 Asia/Tokyo] POSTされた
[03-Mar-2020 02:44:54 Asia/Tokyo] POSTされた
[03-Mar-2020 02:45:45 Asia/Tokyo] POSTされた
[03-Mar-2020 02:45:59 Asia/Tokyo] POSTされた
[03-Mar-2020 02:46:00 Asia/Tokyo] POSTされた
[03-Mar-2020 02:46:02 Asia/Tokyo] POSTされた
[03-Mar-2020 02:46:03 Asia/Tokyo] POSTされた
[03-Mar-2020 02:46:15 Asia/Tokyo] POSTされた
[03-Mar-2020 02:46:18 Asia/Tokyo] POSTされた
[03-Mar-2020 02:46:23 Asia/Tokyo] POSTされた
[03-Mar-2020 02:46:24 Asia/Tokyo] POSTされた
[03-Mar-2020 02:48:31 Asia/Tokyo] POSTされた
[03-Mar-2020 02:49:00 Asia/Tokyo] POSTされた
[03-Mar-2020 02:49:01 Asia/Tokyo] POSTされた
[03-Mar-2020 02:49:13 Asia/Tokyo] POSTされた
[03-Mar-2020 02:49:15 Asia/Tokyo] POSTされた
[03-Mar-2020 02:49:16 Asia/Tokyo] POSTされた
[03-Mar-2020 02:49:17 Asia/Tokyo] POSTされた
[03-Mar-2020 02:49:17 Asia/Tokyo] POSTされた
[03-Mar-2020 02:49:18 Asia/Tokyo] POSTされた
[03-Mar-2020 02:49:18 Asia/Tokyo] POSTされた
[03-Mar-2020 02:49:19 Asia/Tokyo] POSTされた
[03-Mar-2020 02:49:20 Asia/Tokyo] POSTされた
[03-Mar-2020 02:49:20 Asia/Tokyo] POSTされた
[03-Mar-2020 02:49:21 Asia/Tokyo] POSTされた
[03-Mar-2020 02:49:21 Asia/Tokyo] POSTされた
[03-Mar-2020 02:49:23 Asia/Tokyo] POSTされた
[03-Mar-2020 02:49:24 Asia/Tokyo] POSTされた
[03-Mar-2020 02:49:25 Asia/Tokyo] POSTされた
[03-Mar-2020 02:49:25 Asia/Tokyo] POSTされた
[03-Mar-2020 02:49:26 Asia/Tokyo] POSTされた
[03-Mar-2020 02:49:27 Asia/Tokyo] POSTされた
[03-Mar-2020 02:49:27 Asia/Tokyo] POSTされた
[03-Mar-2020 02:49:28 Asia/Tokyo] POSTされた
[03-Mar-2020 02:49:31 Asia/Tokyo] POSTされた
[03-Mar-2020 02:49:33 Asia/Tokyo] POSTされた
[03-Mar-2020 02:49:34 Asia/Tokyo] POSTされた
[03-Mar-2020 02:49:36 Asia/Tokyo] POSTされた
[03-Mar-2020 02:49:42 Asia/Tokyo] POSTされた
[03-Mar-2020 02:49:43 Asia/Tokyo] POSTされた
[03-Mar-2020 02:49:43 Asia/Tokyo] POSTされた
[03-Mar-2020 02:49:44 Asia/Tokyo] POSTされた
[03-Mar-2020 02:49:45 Asia/Tokyo] POSTされた
[03-Mar-2020 02:49:45 Asia/Tokyo] POSTされた
[03-Mar-2020 02:49:46 Asia/Tokyo] POSTされた
[03-Mar-2020 02:49:47 Asia/Tokyo] POSTされた
[03-Mar-2020 02:49:55 Asia/Tokyo] POSTされた
[03-Mar-2020 02:51:22 Asia/Tokyo] POSTされた
[03-Mar-2020 02:51:50 Asia/Tokyo] POSTされた
[03-Mar-2020 02:51:51 Asia/Tokyo] POSTされた
[03-Mar-2020 02:53:26 Asia/Tokyo] POSTされた
[03-Mar-2020 02:53:26 Asia/Tokyo] POSTされた
[03-Mar-2020 02:53:27 Asia/Tokyo] POSTされた
[03-Mar-2020 02:53:28 Asia/Tokyo] POSTされた
[03-Mar-2020 02:54:58 Asia/Tokyo] POSTされた
[03-Mar-2020 02:55:01 Asia/Tokyo] POSTされた
[03-Mar-2020 02:55:02 Asia/Tokyo] POSTされた
[03-Mar-2020 02:55:08 Asia/Tokyo] POSTされた
[03-Mar-2020 02:55:09 Asia/Tokyo] POSTされた
[03-Mar-2020 02:55:10 Asia/Tokyo] POSTされた
[03-Mar-2020 02:55:11 Asia/Tokyo] POSTされた
[03-Mar-2020 02:55:12 Asia/Tokyo] POSTされた
[03-Mar-2020 02:55:13 Asia/Tokyo] POSTされた
[03-Mar-2020 02:55:14 Asia/Tokyo] POSTされた
[03-Mar-2020 02:55:15 Asia/Tokyo] POSTされた
[03-Mar-2020 02:55:17 Asia/Tokyo] POSTされた
[03-Mar-2020 02:55:18 Asia/Tokyo] POSTされた
[03-Mar-2020 02:55:18 Asia/Tokyo] POSTされた
[03-Mar-2020 02:55:21 Asia/Tokyo] POSTされた
[03-Mar-2020 02:55:22 Asia/Tokyo] POSTされた
[03-Mar-2020 02:55:22 Asia/Tokyo] POSTされた
[03-Mar-2020 02:55:23 Asia/Tokyo] POSTされた
[03-Mar-2020 02:55:24 Asia/Tokyo] POSTされた
[03-Mar-2020 02:55:24 Asia/Tokyo] POSTされた
[03-Mar-2020 02:55:25 Asia/Tokyo] POSTされた
[03-Mar-2020 02:55:28 Asia/Tokyo] POSTされた
[03-Mar-2020 02:55:30 Asia/Tokyo] POSTされた
[03-Mar-2020 02:55:34 Asia/Tokyo] POSTされた
[03-Mar-2020 02:55:50 Asia/Tokyo] POSTされた
[03-Mar-2020 02:55:53 Asia/Tokyo] POSTされた
[03-Mar-2020 02:56:25 Asia/Tokyo] POSTされた
[03-Mar-2020 02:56:26 Asia/Tokyo] POSTされた
[03-Mar-2020 02:56:27 Asia/Tokyo] POSTされた
[03-Mar-2020 02:56:28 Asia/Tokyo] POSTされた
[03-Mar-2020 02:56:33 Asia/Tokyo] POSTされた
[03-Mar-2020 02:56:35 Asia/Tokyo] POSTされた
[03-Mar-2020 02:56:38 Asia/Tokyo] POSTされた
[03-Mar-2020 02:56:40 Asia/Tokyo] POSTされた
[03-Mar-2020 02:56:40 Asia/Tokyo] POSTされた
[03-Mar-2020 02:56:41 Asia/Tokyo] POSTされた
[03-Mar-2020 02:56:42 Asia/Tokyo] POSTされた
[03-Mar-2020 02:56:43 Asia/Tokyo] POSTされた
[03-Mar-2020 03:51:50 Asia/Tokyo] POSTされた
[03-Mar-2020 03:51:50 Asia/Tokyo] PHP Notice:  Undefined index: food in C:\xampp\htdocs\php_object_op\index.php on line 229
[03-Mar-2020 03:51:50 Asia/Tokyo] PHP Fatal error:  Uncaught Error: Call to a member function getName() on null in C:\xampp\htdocs\php_object_op\index.php:229
Stack trace:
#0 {main}
  thrown in C:\xampp\htdocs\php_object_op\index.php on line 229
[03-Mar-2020 03:53:30 Asia/Tokyo] POSTされた
[03-Mar-2020 03:53:30 Asia/Tokyo] PHP Notice:  Undefined index: food in C:\xampp\htdocs\php_object_op\index.php on line 229
[03-Mar-2020 03:53:30 Asia/Tokyo] PHP Fatal error:  Uncaught Error: Call to a member function getName() on null in C:\xampp\htdocs\php_object_op\index.php:229
Stack trace:
#0 {main}
  thrown in C:\xampp\htdocs\php_object_op\index.php on line 229
[03-Mar-2020 03:53:32 Asia/Tokyo] POSTされた
[03-Mar-2020 03:53:32 Asia/Tokyo] PHP Notice:  Undefined index: food in C:\xampp\htdocs\php_object_op\index.php on line 229
[03-Mar-2020 03:53:32 Asia/Tokyo] PHP Fatal error:  Uncaught Error: Call to a member function getName() on null in C:\xampp\htdocs\php_object_op\index.php:229
Stack trace:
#0 {main}
  thrown in C:\xampp\htdocs\php_object_op\index.php on line 229
[03-Mar-2020 03:53:40 Asia/Tokyo] POSTされた
[03-Mar-2020 03:53:40 Asia/Tokyo] PHP Notice:  Undefined index: food in C:\xampp\htdocs\php_object_op\index.php on line 229
[03-Mar-2020 03:53:40 Asia/Tokyo] PHP Fatal error:  Uncaught Error: Call to a member function getName() on null in C:\xampp\htdocs\php_object_op\index.php:229
Stack trace:
#0 {main}
  thrown in C:\xampp\htdocs\php_object_op\index.php on line 229
[03-Mar-2020 03:55:19 Asia/Tokyo] POSTされた
[03-Mar-2020 03:55:19 Asia/Tokyo] PHP Notice:  Undefined index: food in C:\xampp\htdocs\php_object_op\index.php on line 230
[03-Mar-2020 03:55:19 Asia/Tokyo] PHP Fatal error:  Uncaught Error: Call to a member function setHp() on null in C:\xampp\htdocs\php_object_op\index.php:63
Stack trace:
#0 C:\xampp\htdocs\php_object_op\index.php(230): Human->eat(NULL)
#1 {main}
  thrown in C:\xampp\htdocs\php_object_op\index.php on line 63
[03-Mar-2020 03:56:39 Asia/Tokyo] POSTされた
[03-Mar-2020 03:56:39 Asia/Tokyo] PHP Notice:  Undefined index: food in C:\xampp\htdocs\php_object_op\index.php on line 229
[03-Mar-2020 03:56:39 Asia/Tokyo] PHP Fatal error:  Uncaught Error: Call to a member function getName() on null in C:\xampp\htdocs\php_object_op\index.php:229
Stack trace:
#0 {main}
  thrown in C:\xampp\htdocs\php_object_op\index.php on line 229
[03-Mar-2020 03:56:45 Asia/Tokyo] PHP Notice:  Undefined index: food in C:\xampp\htdocs\php_object_op\index.php on line 265
[03-Mar-2020 03:56:45 Asia/Tokyo] PHP Fatal error:  Uncaught Error: Call to a member function getName() on null in C:\xampp\htdocs\php_object_op\index.php:265
Stack trace:
#0 {main}
  thrown in C:\xampp\htdocs\php_object_op\index.php on line 265
[03-Mar-2020 03:58:20 Asia/Tokyo] PHP Notice:  Undefined index: food in C:\xampp\htdocs\php_object_op\index.php on line 265
[03-Mar-2020 03:58:20 Asia/Tokyo] PHP Fatal error:  Uncaught Error: Call to a member function getName() on null in C:\xampp\htdocs\php_object_op\index.php:265
Stack trace:
#0 {main}
  thrown in C:\xampp\htdocs\php_object_op\index.php on line 265
[03-Mar-2020 03:58:21 Asia/Tokyo] PHP Notice:  Undefined index: food in C:\xampp\htdocs\php_object_op\index.php on line 265
[03-Mar-2020 03:58:21 Asia/Tokyo] PHP Fatal error:  Uncaught Error: Call to a member function getName() on null in C:\xampp\htdocs\php_object_op\index.php:265
Stack trace:
#0 {main}
  thrown in C:\xampp\htdocs\php_object_op\index.php on line 265
[03-Mar-2020 03:58:22 Asia/Tokyo] PHP Notice:  Undefined index: food in C:\xampp\htdocs\php_object_op\index.php on line 265
[03-Mar-2020 03:58:22 Asia/Tokyo] PHP Fatal error:  Uncaught Error: Call to a member function getName() on null in C:\xampp\htdocs\php_object_op\index.php:265
Stack trace:
#0 {main}
  thrown in C:\xampp\htdocs\php_object_op\index.php on line 265
[03-Mar-2020 03:58:22 Asia/Tokyo] PHP Notice:  Undefined index: food in C:\xampp\htdocs\php_object_op\index.php on line 265
[03-Mar-2020 03:58:22 Asia/Tokyo] PHP Fatal error:  Uncaught Error: Call to a member function getName() on null in C:\xampp\htdocs\php_object_op\index.php:265
Stack trace:
#0 {main}
  thrown in C:\xampp\htdocs\php_object_op\index.php on line 265
[03-Mar-2020 03:58:22 Asia/Tokyo] PHP Notice:  Undefined index: food in C:\xampp\htdocs\php_object_op\index.php on line 265
[03-Mar-2020 03:58:22 Asia/Tokyo] PHP Fatal error:  Uncaught Error: Call to a member function getName() on null in C:\xampp\htdocs\php_object_op\index.php:265
Stack trace:
#0 {main}
  thrown in C:\xampp\htdocs\php_object_op\index.php on line 265
[03-Mar-2020 04:02:19 Asia/Tokyo] PHP Notice:  Undefined index: food in C:\xampp\htdocs\php_object_op\index.php on line 265
[03-Mar-2020 04:02:19 Asia/Tokyo] PHP Fatal error:  Uncaught Error: Call to a member function getName() on null in C:\xampp\htdocs\php_object_op\index.php:265
Stack trace:
#0 {main}
  thrown in C:\xampp\htdocs\php_object_op\index.php on line 265
[03-Mar-2020 04:02:20 Asia/Tokyo] PHP Notice:  Undefined index: food in C:\xampp\htdocs\php_object_op\index.php on line 265
[03-Mar-2020 04:02:20 Asia/Tokyo] PHP Fatal error:  Uncaught Error: Call to a member function getName() on null in C:\xampp\htdocs\php_object_op\index.php:265
Stack trace:
#0 {main}
  thrown in C:\xampp\htdocs\php_object_op\index.php on line 265
[03-Mar-2020 04:02:21 Asia/Tokyo] PHP Notice:  Undefined index: food in C:\xampp\htdocs\php_object_op\index.php on line 265
[03-Mar-2020 04:02:21 Asia/Tokyo] PHP Fatal error:  Uncaught Error: Call to a member function getName() on null in C:\xampp\htdocs\php_object_op\index.php:265
Stack trace:
#0 {main}
  thrown in C:\xampp\htdocs\php_object_op\index.php on line 265
[03-Mar-2020 04:02:33 Asia/Tokyo] PHP Notice:  Undefined index: food in C:\xampp\htdocs\php_object_op\index.php on line 265
[03-Mar-2020 04:02:33 Asia/Tokyo] PHP Fatal error:  Uncaught Error: Call to a member function getName() on null in C:\xampp\htdocs\php_object_op\index.php:265
Stack trace:
#0 {main}
  thrown in C:\xampp\htdocs\php_object_op\index.php on line 265
[03-Mar-2020 04:02:34 Asia/Tokyo] PHP Notice:  Undefined index: food in C:\xampp\htdocs\php_object_op\index.php on line 265
[03-Mar-2020 04:02:34 Asia/Tokyo] PHP Fatal error:  Uncaught Error: Call to a member function getName() on null in C:\xampp\htdocs\php_object_op\index.php:265
Stack trace:
#0 {main}
  thrown in C:\xampp\htdocs\php_object_op\index.php on line 265
[03-Mar-2020 04:02:39 Asia/Tokyo] PHP Notice:  Undefined index: food in C:\xampp\htdocs\php_object_op\index.php on line 265
[03-Mar-2020 04:02:39 Asia/Tokyo] PHP Fatal error:  Uncaught Error: Call to a member function getName() on null in C:\xampp\htdocs\php_object_op\index.php:265
Stack trace:
#0 {main}
  thrown in C:\xampp\htdocs\php_object_op\index.php on line 265
[03-Mar-2020 04:03:02 Asia/Tokyo] PHP Notice:  Undefined index: food in C:\xampp\htdocs\php_object_op\index.php on line 266
[03-Mar-2020 04:03:02 Asia/Tokyo] PHP Fatal error:  Uncaught Error: Call to a member function getName() on null in C:\xampp\htdocs\php_object_op\index.php:266
Stack trace:
#0 {main}
  thrown in C:\xampp\htdocs\php_object_op\index.php on line 266
[03-Mar-2020 04:03:11 Asia/Tokyo] POSTされた
[03-Mar-2020 04:03:16 Asia/Tokyo] POSTされた
[03-Mar-2020 04:07:08 Asia/Tokyo] POSTされた
[03-Mar-2020 04:07:10 Asia/Tokyo] POSTされた
[03-Mar-2020 04:07:16 Asia/Tokyo] POSTされた
[03-Mar-2020 04:07:26 Asia/Tokyo] POSTされた
[03-Mar-2020 04:08:21 Asia/Tokyo] POSTされた
[03-Mar-2020 04:08:21 Asia/Tokyo] POSTされた
[03-Mar-2020 04:08:23 Asia/Tokyo] POSTされた
[03-Mar-2020 04:08:25 Asia/Tokyo] POSTされた
[03-Mar-2020 04:08:27 Asia/Tokyo] POSTされた
[03-Mar-2020 04:08:31 Asia/Tokyo] POSTされた
[03-Mar-2020 04:08:32 Asia/Tokyo] POSTされた
[03-Mar-2020 04:08:33 Asia/Tokyo] POSTされた
[03-Mar-2020 04:08:34 Asia/Tokyo] POSTされた
[03-Mar-2020 04:08:35 Asia/Tokyo] POSTされた
[03-Mar-2020 04:08:35 Asia/Tokyo] POSTされた
[03-Mar-2020 04:08:38 Asia/Tokyo] POSTされた
[03-Mar-2020 04:08:39 Asia/Tokyo] POSTされた
[03-Mar-2020 04:08:40 Asia/Tokyo] POSTされた
[03-Mar-2020 04:08:41 Asia/Tokyo] POSTされた
[03-Mar-2020 04:09:01 Asia/Tokyo] POSTされた
[03-Mar-2020 04:09:03 Asia/Tokyo] POSTされた
[03-Mar-2020 04:09:09 Asia/Tokyo] POSTされた
[03-Mar-2020 04:09:10 Asia/Tokyo] POSTされた
[03-Mar-2020 04:09:13 Asia/Tokyo] POSTされた
[03-Mar-2020 04:09:18 Asia/Tokyo] POSTされた
[03-Mar-2020 04:09:32 Asia/Tokyo] POSTされた
[03-Mar-2020 04:11:20 Asia/Tokyo] POSTされた
[03-Mar-2020 04:11:21 Asia/Tokyo] POSTされた
[03-Mar-2020 04:11:22 Asia/Tokyo] POSTされた
[03-Mar-2020 04:11:24 Asia/Tokyo] POSTされた
[03-Mar-2020 04:11:25 Asia/Tokyo] POSTされた
[03-Mar-2020 04:11:27 Asia/Tokyo] POSTされた
[03-Mar-2020 04:11:29 Asia/Tokyo] POSTされた
[03-Mar-2020 04:11:30 Asia/Tokyo] POSTされた
[03-Mar-2020 04:11:31 Asia/Tokyo] POSTされた
[03-Mar-2020 04:11:33 Asia/Tokyo] POSTされた
[03-Mar-2020 04:11:34 Asia/Tokyo] POSTされた
[03-Mar-2020 04:11:35 Asia/Tokyo] POSTされた
[03-Mar-2020 04:11:37 Asia/Tokyo] POSTされた
[03-Mar-2020 04:11:41 Asia/Tokyo] POSTされた
[03-Mar-2020 04:11:42 Asia/Tokyo] POSTされた
[03-Mar-2020 04:11:42 Asia/Tokyo] POSTされた
[03-Mar-2020 04:11:45 Asia/Tokyo] POSTされた
[03-Mar-2020 04:11:47 Asia/Tokyo] POSTされた
[03-Mar-2020 04:11:48 Asia/Tokyo] POSTされた
[03-Mar-2020 04:11:50 Asia/Tokyo] POSTされた
[03-Mar-2020 04:11:59 Asia/Tokyo] POSTされた
[03-Mar-2020 04:12:01 Asia/Tokyo] POSTされた
[03-Mar-2020 04:12:03 Asia/Tokyo] POSTされた
[03-Mar-2020 04:12:05 Asia/Tokyo] POSTされた
[03-Mar-2020 04:12:08 Asia/Tokyo] POSTされた
[03-Mar-2020 04:12:13 Asia/Tokyo] POSTされた
[03-Mar-2020 04:12:14 Asia/Tokyo] POSTされた
[03-Mar-2020 04:12:16 Asia/Tokyo] POSTされた
[03-Mar-2020 04:12:20 Asia/Tokyo] POSTされた
[03-Mar-2020 04:12:21 Asia/Tokyo] POSTされた
[03-Mar-2020 04:13:43 Asia/Tokyo] POSTされた
[03-Mar-2020 04:13:44 Asia/Tokyo] POSTされた
[03-Mar-2020 04:13:45 Asia/Tokyo] POSTされた
[03-Mar-2020 04:13:49 Asia/Tokyo] POSTされた
[03-Mar-2020 04:17:30 Asia/Tokyo] POSTされた
[03-Mar-2020 04:17:32 Asia/Tokyo] POSTされた
[03-Mar-2020 04:17:33 Asia/Tokyo] POSTされた
[03-Mar-2020 04:17:35 Asia/Tokyo] POSTされた
[03-Mar-2020 04:21:01 Asia/Tokyo] POSTされた
[03-Mar-2020 04:21:13 Asia/Tokyo] POSTされた
[03-Mar-2020 04:21:14 Asia/Tokyo] POSTされた
[03-Mar-2020 04:21:15 Asia/Tokyo] POSTされた
[03-Mar-2020 04:21:15 Asia/Tokyo] POSTされた
[03-Mar-2020 04:21:16 Asia/Tokyo] POSTされた
[03-Mar-2020 04:21:20 Asia/Tokyo] POSTされた
[03-Mar-2020 04:21:26 Asia/Tokyo] POSTされた
[03-Mar-2020 04:21:29 Asia/Tokyo] POSTされた
[03-Mar-2020 04:21:33 Asia/Tokyo] POSTされた
[03-Mar-2020 04:21:58 Asia/Tokyo] POSTされた
[03-Mar-2020 04:21:59 Asia/Tokyo] POSTされた
[03-Mar-2020 04:22:00 Asia/Tokyo] POSTされた
[03-Mar-2020 04:22:07 Asia/Tokyo] POSTされた
[03-Mar-2020 04:22:11 Asia/Tokyo] POSTされた
[03-Mar-2020 04:22:12 Asia/Tokyo] POSTされた
[03-Mar-2020 04:22:15 Asia/Tokyo] POSTされた
[03-Mar-2020 04:22:17 Asia/Tokyo] POSTされた
[03-Mar-2020 04:22:18 Asia/Tokyo] POSTされた
[03-Mar-2020 04:22:19 Asia/Tokyo] POSTされた
[03-Mar-2020 04:22:50 Asia/Tokyo] POSTされた
[03-Mar-2020 04:22:51 Asia/Tokyo] POSTされた
[03-Mar-2020 04:22:52 Asia/Tokyo] POSTされた
[03-Mar-2020 04:22:53 Asia/Tokyo] POSTされた
[03-Mar-2020 04:22:53 Asia/Tokyo] POSTされた
[03-Mar-2020 04:22:59 Asia/Tokyo] POSTされた
[03-Mar-2020 04:23:01 Asia/Tokyo] POSTされた
[03-Mar-2020 04:23:04 Asia/Tokyo] POSTされた
[03-Mar-2020 04:43:42 Asia/Tokyo] POSTされた
[03-Mar-2020 04:43:46 Asia/Tokyo] POSTされた
[03-Mar-2020 04:43:48 Asia/Tokyo] POSTされた
[03-Mar-2020 04:43:50 Asia/Tokyo] POSTされた
[03-Mar-2020 04:43:53 Asia/Tokyo] POSTされた
[03-Mar-2020 04:43:55 Asia/Tokyo] POSTされた
[03-Mar-2020 04:43:56 Asia/Tokyo] POSTされた
[03-Mar-2020 04:43:57 Asia/Tokyo] POSTされた
[03-Mar-2020 04:43:57 Asia/Tokyo] POSTされた
[03-Mar-2020 04:43:59 Asia/Tokyo] POSTされた
[03-Mar-2020 04:44:04 Asia/Tokyo] POSTされた
[03-Mar-2020 04:44:05 Asia/Tokyo] POSTされた
[03-Mar-2020 04:44:05 Asia/Tokyo] POSTされた
[03-Mar-2020 04:44:07 Asia/Tokyo] POSTされた
[03-Mar-2020 04:44:09 Asia/Tokyo] POSTされた
[03-Mar-2020 04:44:12 Asia/Tokyo] POSTされた
[03-Mar-2020 04:44:17 Asia/Tokyo] POSTされた
[03-Mar-2020 04:44:18 Asia/Tokyo] POSTされた
[03-Mar-2020 04:44:19 Asia/Tokyo] POSTされた
[03-Mar-2020 04:44:20 Asia/Tokyo] POSTされた
[03-Mar-2020 22:42:36 Asia/Tokyo] POSTされた
[03-Mar-2020 22:42:39 Asia/Tokyo] POSTされた
[03-Mar-2020 22:42:40 Asia/Tokyo] POSTされた
[03-Mar-2020 22:42:41 Asia/Tokyo] POSTされた
[03-Mar-2020 22:42:43 Asia/Tokyo] POSTされた
[03-Mar-2020 22:42:44 Asia/Tokyo] POSTされた
[03-Mar-2020 22:42:47 Asia/Tokyo] POSTされた
[03-Mar-2020 22:42:48 Asia/Tokyo] POSTされた
[03-Mar-2020 22:42:56 Asia/Tokyo] POSTされた
[03-Mar-2020 22:42:58 Asia/Tokyo] POSTされた
[03-Mar-2020 22:43:02 Asia/Tokyo] POSTされた
[03-Mar-2020 22:43:06 Asia/Tokyo] POSTされた
[03-Mar-2020 22:43:07 Asia/Tokyo] POSTされた
[03-Mar-2020 22:43:17 Asia/Tokyo] POSTされた
[03-Mar-2020 22:43:25 Asia/Tokyo] POSTされた
[03-Mar-2020 22:43:35 Asia/Tokyo] POSTされた
[03-Mar-2020 22:43:36 Asia/Tokyo] POSTされた
[03-Mar-2020 22:43:38 Asia/Tokyo] POSTされた
[03-Mar-2020 22:43:40 Asia/Tokyo] POSTされた
[03-Mar-2020 22:43:41 Asia/Tokyo] POSTされた
[03-Mar-2020 22:43:43 Asia/Tokyo] POSTされた
[03-Mar-2020 22:43:44 Asia/Tokyo] POSTされた
[03-Mar-2020 22:43:44 Asia/Tokyo] POSTされた
[03-Mar-2020 22:43:45 Asia/Tokyo] POSTされた
[03-Mar-2020 22:52:29 Asia/Tokyo] POSTされた
[03-Mar-2020 22:52:30 Asia/Tokyo] POSTされた
[03-Mar-2020 22:52:30 Asia/Tokyo] PHP Notice:  Undefined property: Human::$eatAmount in C:\xampp\htdocs\php_object_op\index.php on line 66
[03-Mar-2020 22:52:30 Asia/Tokyo] PHP Notice:  Undefined property: Human::$eatAmount in C:\xampp\htdocs\php_object_op\index.php on line 67
[03-Mar-2020 22:52:30 Asia/Tokyo] PHP Notice:  Undefined variable: amountMin in C:\xampp\htdocs\php_object_op\index.php on line 110
[03-Mar-2020 22:52:30 Asia/Tokyo] PHP Notice:  Undefined variable: amountMax in C:\xampp\htdocs\php_object_op\index.php on line 110
[03-Mar-2020 22:52:30 Asia/Tokyo] PHP Notice:  Undefined property: Food::$amount in C:\xampp\htdocs\php_object_op\index.php on line 112
[03-Mar-2020 22:52:30 Asia/Tokyo] PHP Notice:  Undefined property: Food::$amount in C:\xampp\htdocs\php_object_op\index.php on line 116
[03-Mar-2020 22:52:30 Asia/Tokyo] PHP Notice:  Undefined property: Food::$amount in C:\xampp\htdocs\php_object_op\index.php on line 117
[03-Mar-2020 22:54:40 Asia/Tokyo] POSTされた
[03-Mar-2020 22:54:40 Asia/Tokyo] PHP Notice:  Undefined property: Human::$eatAmount in C:\xampp\htdocs\php_object_op\index.php on line 62
[03-Mar-2020 22:54:40 Asia/Tokyo] PHP Notice:  Undefined property: Human::$79 in C:\xampp\htdocs\php_object_op\index.php on line 67
[03-Mar-2020 22:54:40 Asia/Tokyo] PHP Notice:  Undefined property: Food::$amount in C:\xampp\htdocs\php_object_op\index.php on line 116
[03-Mar-2020 22:54:40 Asia/Tokyo] PHP Notice:  Undefined property: Food::$amount in C:\xampp\htdocs\php_object_op\index.php on line 117
[03-Mar-2020 22:56:37 Asia/Tokyo] POSTされた
[03-Mar-2020 22:56:40 Asia/Tokyo] POSTされた
[03-Mar-2020 22:56:46 Asia/Tokyo] POSTされた
[03-Mar-2020 22:56:47 Asia/Tokyo] POSTされた
[03-Mar-2020 22:56:48 Asia/Tokyo] POSTされた
[03-Mar-2020 22:56:49 Asia/Tokyo] POSTされた
[03-Mar-2020 22:56:51 Asia/Tokyo] POSTされた
[03-Mar-2020 22:56:54 Asia/Tokyo] POSTされた
[03-Mar-2020 22:57:08 Asia/Tokyo] POSTされた
[03-Mar-2020 22:57:33 Asia/Tokyo] POSTされた
[03-Mar-2020 22:57:35 Asia/Tokyo] POSTされた
[03-Mar-2020 22:57:37 Asia/Tokyo] POSTされた
[03-Mar-2020 22:57:39 Asia/Tokyo] POSTされた
[03-Mar-2020 22:57:41 Asia/Tokyo] POSTされた
[03-Mar-2020 22:57:43 Asia/Tokyo] POSTされた
[03-Mar-2020 23:07:05 Asia/Tokyo] POSTされた
[03-Mar-2020 23:07:06 Asia/Tokyo] POSTされた
[03-Mar-2020 23:07:17 Asia/Tokyo] POSTされた
[03-Mar-2020 23:07:17 Asia/Tokyo] POSTされた
[03-Mar-2020 23:07:18 Asia/Tokyo] POSTされた
[03-Mar-2020 23:07:18 Asia/Tokyo] POSTされた
[03-Mar-2020 23:07:18 Asia/Tokyo] POSTされた
[03-Mar-2020 23:07:18 Asia/Tokyo] POSTされた
[03-Mar-2020 23:07:19 Asia/Tokyo] POSTされた
[03-Mar-2020 23:07:19 Asia/Tokyo] POSTされた
[03-Mar-2020 23:07:19 Asia/Tokyo] POSTされた
[03-Mar-2020 23:07:20 Asia/Tokyo] POSTされた
[03-Mar-2020 23:07:21 Asia/Tokyo] POSTされた
[03-Mar-2020 23:07:25 Asia/Tokyo] POSTされた
[03-Mar-2020 23:07:33 Asia/Tokyo] POSTされた
[03-Mar-2020 23:07:35 Asia/Tokyo] POSTされた
[03-Mar-2020 23:07:35 Asia/Tokyo] POSTされた
[03-Mar-2020 23:07:37 Asia/Tokyo] POSTされた
[03-Mar-2020 23:07:37 Asia/Tokyo] POSTされた
[03-Mar-2020 23:07:38 Asia/Tokyo] POSTされた
[03-Mar-2020 23:07:38 Asia/Tokyo] POSTされた
[03-Mar-2020 23:08:04 Asia/Tokyo] POSTされた
[03-Mar-2020 23:08:05 Asia/Tokyo] POSTされた
[03-Mar-2020 23:08:05 Asia/Tokyo] POSTされた
[03-Mar-2020 23:08:06 Asia/Tokyo] POSTされた
[03-Mar-2020 23:08:06 Asia/Tokyo] POSTされた
[03-Mar-2020 23:08:12 Asia/Tokyo] POSTされた
[03-Mar-2020 23:08:12 Asia/Tokyo] POSTされた
[03-Mar-2020 23:08:13 Asia/Tokyo] POSTされた
[03-Mar-2020 23:08:13 Asia/Tokyo] POSTされた
[03-Mar-2020 23:08:14 Asia/Tokyo] POSTされた
[03-Mar-2020 23:08:14 Asia/Tokyo] POSTされた
[03-Mar-2020 23:08:15 Asia/Tokyo] POSTされた
[03-Mar-2020 23:08:15 Asia/Tokyo] POSTされた
[03-Mar-2020 23:08:15 Asia/Tokyo] POSTされた
[03-Mar-2020 23:08:16 Asia/Tokyo] POSTされた
[03-Mar-2020 23:08:16 Asia/Tokyo] POSTされた
[03-Mar-2020 23:08:17 Asia/Tokyo] POSTされた
[03-Mar-2020 23:08:18 Asia/Tokyo] POSTされた
[03-Mar-2020 23:08:18 Asia/Tokyo] POSTされた
[03-Mar-2020 23:08:18 Asia/Tokyo] POSTされた
[03-Mar-2020 23:08:22 Asia/Tokyo] POSTされた
[03-Mar-2020 23:08:23 Asia/Tokyo] POSTされた
[03-Mar-2020 23:08:23 Asia/Tokyo] POSTされた
[03-Mar-2020 23:08:24 Asia/Tokyo] POSTされた
[03-Mar-2020 23:08:25 Asia/Tokyo] POSTされた
[03-Mar-2020 23:08:26 Asia/Tokyo] POSTされた
[03-Mar-2020 23:08:26 Asia/Tokyo] POSTされた
[03-Mar-2020 23:08:26 Asia/Tokyo] POSTされた
[03-Mar-2020 23:08:26 Asia/Tokyo] POSTされた
[03-Mar-2020 23:08:27 Asia/Tokyo] POSTされた
[03-Mar-2020 23:08:27 Asia/Tokyo] POSTされた
[03-Mar-2020 23:08:28 Asia/Tokyo] POSTされた
[03-Mar-2020 23:08:37 Asia/Tokyo] POSTされた
[03-Mar-2020 23:09:49 Asia/Tokyo] POSTされた
[03-Mar-2020 23:09:50 Asia/Tokyo] POSTされた
[03-Mar-2020 23:10:05 Asia/Tokyo] POSTされた
[03-Mar-2020 23:10:06 Asia/Tokyo] POSTされた
[03-Mar-2020 23:10:06 Asia/Tokyo] POSTされた
[03-Mar-2020 23:10:07 Asia/Tokyo] POSTされた
[03-Mar-2020 23:10:09 Asia/Tokyo] POSTされた
[03-Mar-2020 23:10:10 Asia/Tokyo] POSTされた
[03-Mar-2020 23:10:10 Asia/Tokyo] POSTされた
[03-Mar-2020 23:10:10 Asia/Tokyo] POSTされた
[03-Mar-2020 23:10:10 Asia/Tokyo] POSTされた
[03-Mar-2020 23:10:10 Asia/Tokyo] POSTされた
[03-Mar-2020 23:10:11 Asia/Tokyo] POSTされた
[03-Mar-2020 23:10:11 Asia/Tokyo] POSTされた
[03-Mar-2020 23:10:15 Asia/Tokyo] POSTされた
[03-Mar-2020 23:13:38 Asia/Tokyo] POSTされた
[03-Mar-2020 23:13:38 Asia/Tokyo] POSTされた
[03-Mar-2020 23:13:39 Asia/Tokyo] POSTされた
[03-Mar-2020 23:13:39 Asia/Tokyo] POSTされた
[03-Mar-2020 23:13:40 Asia/Tokyo] POSTされた
[03-Mar-2020 23:17:23 Asia/Tokyo] POSTされた
[03-Mar-2020 23:17:24 Asia/Tokyo] POSTされた
[03-Mar-2020 23:17:25 Asia/Tokyo] POSTされた
[03-Mar-2020 23:17:25 Asia/Tokyo] POSTされた
[03-Mar-2020 23:17:26 Asia/Tokyo] POSTされた
[03-Mar-2020 23:17:27 Asia/Tokyo] POSTされた
[03-Mar-2020 23:17:28 Asia/Tokyo] POSTされた
[03-Mar-2020 23:17:29 Asia/Tokyo] POSTされた
[03-Mar-2020 23:17:31 Asia/Tokyo] POSTされた
[03-Mar-2020 23:17:31 Asia/Tokyo] POSTされた
[03-Mar-2020 23:17:33 Asia/Tokyo] POSTされた
[03-Mar-2020 23:17:35 Asia/Tokyo] POSTされた
[03-Mar-2020 23:17:36 Asia/Tokyo] POSTされた
[03-Mar-2020 23:17:37 Asia/Tokyo] POSTされた
[03-Mar-2020 23:17:38 Asia/Tokyo] POSTされた
[03-Mar-2020 23:17:39 Asia/Tokyo] POSTされた
[03-Mar-2020 23:17:39 Asia/Tokyo] POSTされた
[03-Mar-2020 23:17:40 Asia/Tokyo] POSTされた
[03-Mar-2020 23:18:13 Asia/Tokyo] POSTされた
[03-Mar-2020 23:18:16 Asia/Tokyo] POSTされた
[03-Mar-2020 23:18:17 Asia/Tokyo] POSTされた
[03-Mar-2020 23:18:17 Asia/Tokyo] POSTされた
[03-Mar-2020 23:18:19 Asia/Tokyo] POSTされた
[03-Mar-2020 23:18:20 Asia/Tokyo] POSTされた
[03-Mar-2020 23:18:20 Asia/Tokyo] POSTされた
[03-Mar-2020 23:18:21 Asia/Tokyo] POSTされた
[03-Mar-2020 23:18:22 Asia/Tokyo] POSTされた
[03-Mar-2020 23:18:23 Asia/Tokyo] POSTされた
[03-Mar-2020 23:18:29 Asia/Tokyo] POSTされた
[03-Mar-2020 23:18:30 Asia/Tokyo] POSTされた
[03-Mar-2020 23:20:51 Asia/Tokyo] POSTされた
[03-Mar-2020 23:20:52 Asia/Tokyo] POSTされた
[03-Mar-2020 23:20:57 Asia/Tokyo] POSTされた
[03-Mar-2020 23:21:02 Asia/Tokyo] POSTされた
[03-Mar-2020 23:21:18 Asia/Tokyo] POSTされた
[03-Mar-2020 23:21:18 Asia/Tokyo] POSTされた
[03-Mar-2020 23:21:18 Asia/Tokyo] POSTされた
[03-Mar-2020 23:21:19 Asia/Tokyo] POSTされた
[03-Mar-2020 23:21:19 Asia/Tokyo] POSTされた
[03-Mar-2020 23:23:20 Asia/Tokyo] POSTされた
[03-Mar-2020 23:23:22 Asia/Tokyo] POSTされた
[03-Mar-2020 23:23:26 Asia/Tokyo] POSTされた
[03-Mar-2020 23:23:29 Asia/Tokyo] POSTされた
[03-Mar-2020 23:23:30 Asia/Tokyo] POSTされた
[03-Mar-2020 23:23:31 Asia/Tokyo] POSTされた
[03-Mar-2020 23:23:32 Asia/Tokyo] POSTされた
[03-Mar-2020 23:23:32 Asia/Tokyo] POSTされた
[03-Mar-2020 23:23:33 Asia/Tokyo] POSTされた
[03-Mar-2020 23:23:33 Asia/Tokyo] POSTされた
[03-Mar-2020 23:23:34 Asia/Tokyo] POSTされた
[03-Mar-2020 23:23:35 Asia/Tokyo] POSTされた
[03-Mar-2020 23:23:36 Asia/Tokyo] POSTされた
[03-Mar-2020 23:23:47 Asia/Tokyo] POSTされた
[03-Mar-2020 23:24:04 Asia/Tokyo] POSTされた
[03-Mar-2020 23:24:04 Asia/Tokyo] POSTされた
[03-Mar-2020 23:24:06 Asia/Tokyo] POSTされた
[03-Mar-2020 23:24:07 Asia/Tokyo] POSTされた
[03-Mar-2020 23:24:07 Asia/Tokyo] POSTされた
[03-Mar-2020 23:24:08 Asia/Tokyo] POSTされた
[03-Mar-2020 23:25:43 Asia/Tokyo] POSTされた
[03-Mar-2020 23:25:45 Asia/Tokyo] POSTされた
[03-Mar-2020 23:25:47 Asia/Tokyo] POSTされた
[03-Mar-2020 23:25:48 Asia/Tokyo] POSTされた
[03-Mar-2020 23:25:50 Asia/Tokyo] POSTされた
[03-Mar-2020 23:25:52 Asia/Tokyo] POSTされた
[03-Mar-2020 23:25:54 Asia/Tokyo] POSTされた
[03-Mar-2020 23:25:55 Asia/Tokyo] POSTされた
[03-Mar-2020 23:25:55 Asia/Tokyo] POSTされた
[03-Mar-2020 23:25:56 Asia/Tokyo] POSTされた
[03-Mar-2020 23:25:57 Asia/Tokyo] POSTされた
[03-Mar-2020 23:25:58 Asia/Tokyo] POSTされた
[03-Mar-2020 23:26:00 Asia/Tokyo] POSTされた
[03-Mar-2020 23:26:01 Asia/Tokyo] POSTされた
[03-Mar-2020 23:26:03 Asia/Tokyo] POSTされた
[03-Mar-2020 23:26:04 Asia/Tokyo] POSTされた
[03-Mar-2020 23:26:06 Asia/Tokyo] POSTされた
[03-Mar-2020 23:27:45 Asia/Tokyo] POSTされた
[03-Mar-2020 23:33:30 Asia/Tokyo] POSTされた
[03-Mar-2020 23:33:31 Asia/Tokyo] POSTされた
[03-Mar-2020 23:33:32 Asia/Tokyo] POSTされた
[03-Mar-2020 23:33:33 Asia/Tokyo] POSTされた
[03-Mar-2020 23:33:35 Asia/Tokyo] POSTされた
[03-Mar-2020 23:33:36 Asia/Tokyo] POSTされた
[03-Mar-2020 23:36:01 Asia/Tokyo] POSTされた
[03-Mar-2020 23:36:03 Asia/Tokyo] POSTされた
[03-Mar-2020 23:36:03 Asia/Tokyo] POSTされた
[03-Mar-2020 23:36:03 Asia/Tokyo] POSTされた
[03-Mar-2020 23:36:04 Asia/Tokyo] POSTされた
[03-Mar-2020 23:41:55 Asia/Tokyo] POSTされた
[03-Mar-2020 23:41:56 Asia/Tokyo] POSTされた
[03-Mar-2020 23:41:56 Asia/Tokyo] POSTされた
[03-Mar-2020 23:41:56 Asia/Tokyo] POSTされた
[03-Mar-2020 23:41:56 Asia/Tokyo] POSTされた
[03-Mar-2020 23:41:56 Asia/Tokyo] POSTされた
[03-Mar-2020 23:41:56 Asia/Tokyo] POSTされた
[03-Mar-2020 23:41:57 Asia/Tokyo] POSTされた
[03-Mar-2020 23:41:57 Asia/Tokyo] POSTされた
[03-Mar-2020 23:41:58 Asia/Tokyo] POSTされた
[03-Mar-2020 23:41:58 Asia/Tokyo] POSTされた
[03-Mar-2020 23:41:59 Asia/Tokyo] POSTされた
[03-Mar-2020 23:42:00 Asia/Tokyo] POSTされた
[03-Mar-2020 23:49:53 Asia/Tokyo] POSTされた
[03-Mar-2020 23:51:35 Asia/Tokyo] POSTされた
[03-Mar-2020 23:51:44 Asia/Tokyo] POSTされた
[03-Mar-2020 23:52:17 Asia/Tokyo] POSTされた
[03-Mar-2020 23:54:42 Asia/Tokyo] POSTされた
[03-Mar-2020 23:54:42 Asia/Tokyo] POSTされた
[03-Mar-2020 23:55:04 Asia/Tokyo] POSTされた
[03-Mar-2020 23:55:06 Asia/Tokyo] POSTされた
[03-Mar-2020 23:55:06 Asia/Tokyo] POSTされた
[03-Mar-2020 23:55:07 Asia/Tokyo] POSTされた
[03-Mar-2020 23:55:08 Asia/Tokyo] POSTされた
[03-Mar-2020 23:55:09 Asia/Tokyo] POSTされた
[03-Mar-2020 23:55:09 Asia/Tokyo] POSTされた
[03-Mar-2020 23:55:11 Asia/Tokyo] POSTされた
[03-Mar-2020 23:55:12 Asia/Tokyo] POSTされた
[03-Mar-2020 23:55:13 Asia/Tokyo] POSTされた
[03-Mar-2020 23:55:15 Asia/Tokyo] POSTされた
[03-Mar-2020 23:55:18 Asia/Tokyo] POSTされた
[03-Mar-2020 23:59:48 Asia/Tokyo] POSTされた
[03-Mar-2020 23:59:50 Asia/Tokyo] POSTされた
[03-Mar-2020 23:59:50 Asia/Tokyo] POSTされた
[03-Mar-2020 23:59:51 Asia/Tokyo] POSTされた
[03-Mar-2020 23:59:52 Asia/Tokyo] POSTされた
[03-Mar-2020 23:59:52 Asia/Tokyo] POSTされた
[03-Mar-2020 23:59:53 Asia/Tokyo] POSTされた
[03-Mar-2020 23:59:53 Asia/Tokyo] PHP Notice:  Undefined index: knockDownCount in C:\xampp\htdocs\php_object_op\index.php on line 336
[03-Mar-2020 23:59:53 Asia/Tokyo] PHP Notice:  Undefined index: knockDownCount in C:\xampp\htdocs\php_object_op\index.php on line 336
[03-Mar-2020 23:59:54 Asia/Tokyo] POSTされた
[04-Mar-2020 00:00:07 Asia/Tokyo] POSTされた
[04-Mar-2020 00:00:08 Asia/Tokyo] POSTされた
[04-Mar-2020 00:00:08 Asia/Tokyo] POSTされた
[04-Mar-2020 00:00:08 Asia/Tokyo] POSTされた
[04-Mar-2020 00:00:09 Asia/Tokyo] POSTされた
[04-Mar-2020 00:00:09 Asia/Tokyo] POSTされた
[04-Mar-2020 00:00:09 Asia/Tokyo] POSTされた
[04-Mar-2020 00:00:09 Asia/Tokyo] PHP Notice:  Undefined index: knockDownCount in C:\xampp\htdocs\php_object_op\index.php on line 336
[04-Mar-2020 00:00:09 Asia/Tokyo] PHP Notice:  Undefined index: knockDownCount in C:\xampp\htdocs\php_object_op\index.php on line 336
[04-Mar-2020 00:00:10 Asia/Tokyo] POSTされた
[04-Mar-2020 00:00:11 Asia/Tokyo] POSTされた
[04-Mar-2020 00:00:11 Asia/Tokyo] POSTされた
[04-Mar-2020 00:00:12 Asia/Tokyo] POSTされた
[04-Mar-2020 00:00:12 Asia/Tokyo] POSTされた
[04-Mar-2020 00:00:12 Asia/Tokyo] PHP Notice:  Undefined index: knockDownCount in C:\xampp\htdocs\php_object_op\index.php on line 336
[04-Mar-2020 00:00:12 Asia/Tokyo] PHP Notice:  Undefined index: knockDownCount in C:\xampp\htdocs\php_object_op\index.php on line 336
[04-Mar-2020 00:00:49 Asia/Tokyo] POSTされた
[04-Mar-2020 00:00:50 Asia/Tokyo] POSTされた
[04-Mar-2020 00:00:52 Asia/Tokyo] POSTされた
[04-Mar-2020 00:02:28 Asia/Tokyo] POSTされた
[04-Mar-2020 00:02:28 Asia/Tokyo] POSTされた
[04-Mar-2020 00:02:29 Asia/Tokyo] POSTされた
[04-Mar-2020 00:02:30 Asia/Tokyo] POSTされた
[04-Mar-2020 00:02:30 Asia/Tokyo] PHP Notice:  Undefined index: knockDownCount in C:\xampp\htdocs\php_object_op\index.php on line 335
[04-Mar-2020 00:02:30 Asia/Tokyo] PHP Notice:  Undefined index: knockDownCount in C:\xampp\htdocs\php_object_op\index.php on line 335
[04-Mar-2020 00:02:30 Asia/Tokyo] POSTされた
[04-Mar-2020 00:02:31 Asia/Tokyo] POSTされた
[04-Mar-2020 00:03:21 Asia/Tokyo] POSTされた
[04-Mar-2020 00:03:21 Asia/Tokyo] POSTされた
[04-Mar-2020 00:03:22 Asia/Tokyo] POSTされた
[04-Mar-2020 00:03:22 Asia/Tokyo] PHP Notice:  Undefined index: knockDownCount in C:\xampp\htdocs\php_object_op\index.php on line 334
[04-Mar-2020 00:03:23 Asia/Tokyo] POSTされた
[04-Mar-2020 00:04:08 Asia/Tokyo] POSTされた
[04-Mar-2020 00:04:11 Asia/Tokyo] POSTされた
[04-Mar-2020 00:04:24 Asia/Tokyo] POSTされた
[04-Mar-2020 00:04:25 Asia/Tokyo] POSTされた
[04-Mar-2020 00:04:26 Asia/Tokyo] POSTされた
[04-Mar-2020 00:04:41 Asia/Tokyo] POSTされた
[04-Mar-2020 00:04:41 Asia/Tokyo] PHP Notice:  Undefined index: knockDownCount in C:\xampp\htdocs\php_object_op\index.php on line 334
[04-Mar-2020 00:04:42 Asia/Tokyo] POSTされた
[04-Mar-2020 00:30:06 Asia/Tokyo] POSTされた
[04-Mar-2020 00:30:07 Asia/Tokyo] POSTされた
[04-Mar-2020 00:30:07 Asia/Tokyo] POSTされた
[04-Mar-2020 00:30:08 Asia/Tokyo] POSTされた
[04-Mar-2020 00:30:08 Asia/Tokyo] POSTされた
[04-Mar-2020 00:30:08 Asia/Tokyo] POSTされた
[04-Mar-2020 00:30:09 Asia/Tokyo] POSTされた
[04-Mar-2020 00:30:09 Asia/Tokyo] POSTされた
[04-Mar-2020 00:30:09 Asia/Tokyo] PHP Notice:  Undefined index: knockDownCount in C:\xampp\htdocs\php_object_op\index.php on line 335
[04-Mar-2020 00:30:09 Asia/Tokyo] PHP Notice:  Undefined index: knockDownCount in C:\xampp\htdocs\php_object_op\index.php on line 335
[04-Mar-2020 00:39:01 Asia/Tokyo] POSTされた
[04-Mar-2020 00:39:03 Asia/Tokyo] POSTされた
[04-Mar-2020 00:39:04 Asia/Tokyo] POSTされた
[04-Mar-2020 00:39:05 Asia/Tokyo] POSTされた
[04-Mar-2020 00:39:05 Asia/Tokyo] POSTされた
[04-Mar-2020 00:39:05 Asia/Tokyo] POSTされた
[04-Mar-2020 00:39:06 Asia/Tokyo] POSTされた
[04-Mar-2020 00:39:09 Asia/Tokyo] POSTされた
[04-Mar-2020 00:39:10 Asia/Tokyo] POSTされた
[04-Mar-2020 00:39:11 Asia/Tokyo] POSTされた
[04-Mar-2020 00:39:11 Asia/Tokyo] POSTされた
[04-Mar-2020 00:39:12 Asia/Tokyo] POSTされた
[04-Mar-2020 00:39:12 Asia/Tokyo] POSTされた
[04-Mar-2020 00:39:13 Asia/Tokyo] POSTされた
[04-Mar-2020 00:39:13 Asia/Tokyo] POSTされた
[04-Mar-2020 00:39:14 Asia/Tokyo] POSTされた
[04-Mar-2020 00:39:14 Asia/Tokyo] POSTされた
[04-Mar-2020 00:42:46 Asia/Tokyo] POSTされた
[04-Mar-2020 00:42:47 Asia/Tokyo] POSTされた
[04-Mar-2020 00:42:47 Asia/Tokyo] POSTされた
[04-Mar-2020 00:42:47 Asia/Tokyo] POSTされた
[04-Mar-2020 00:42:47 Asia/Tokyo] POSTされた
[04-Mar-2020 00:42:47 Asia/Tokyo] POSTされた
[04-Mar-2020 00:42:48 Asia/Tokyo] POSTされた
[04-Mar-2020 00:42:48 Asia/Tokyo] POSTされた
[04-Mar-2020 00:42:48 Asia/Tokyo] POSTされた
[04-Mar-2020 00:42:49 Asia/Tokyo] POSTされた
[04-Mar-2020 00:42:49 Asia/Tokyo] PHP Notice:  Undefined index: knockDownCount in C:\xampp\htdocs\php_object_op\index.php on line 280
[04-Mar-2020 00:42:49 Asia/Tokyo] PHP Notice:  Undefined index: knockDownCount in C:\xampp\htdocs\php_object_op\index.php on line 280
[04-Mar-2020 00:43:33 Asia/Tokyo] POSTされた
[04-Mar-2020 00:43:34 Asia/Tokyo] POSTされた
[04-Mar-2020 00:43:34 Asia/Tokyo] POSTされた
[04-Mar-2020 00:43:34 Asia/Tokyo] POSTされた
[04-Mar-2020 00:43:34 Asia/Tokyo] POSTされた
[04-Mar-2020 00:43:34 Asia/Tokyo] POSTされた
[04-Mar-2020 00:43:35 Asia/Tokyo] POSTされた
[04-Mar-2020 00:43:35 Asia/Tokyo] POSTされた
[04-Mar-2020 00:43:35 Asia/Tokyo] POSTされた
[04-Mar-2020 00:43:35 Asia/Tokyo] PHP Notice:  Undefined index: knockDownCount in C:\xampp\htdocs\php_object_op\index.php on line 280
[04-Mar-2020 00:43:35 Asia/Tokyo] PHP Notice:  Undefined index: knockDownCount in C:\xampp\htdocs\php_object_op\index.php on line 280
[04-Mar-2020 00:45:07 Asia/Tokyo] POSTされた
[04-Mar-2020 00:45:08 Asia/Tokyo] POSTされた
[04-Mar-2020 00:45:08 Asia/Tokyo] POSTされた
[04-Mar-2020 00:45:08 Asia/Tokyo] POSTされた
[04-Mar-2020 00:45:08 Asia/Tokyo] POSTされた
[04-Mar-2020 00:45:08 Asia/Tokyo] POSTされた
[04-Mar-2020 00:45:09 Asia/Tokyo] POSTされた
[04-Mar-2020 00:45:35 Asia/Tokyo] POSTされた
[04-Mar-2020 00:45:36 Asia/Tokyo] POSTされた
[04-Mar-2020 00:45:36 Asia/Tokyo] POSTされた
[04-Mar-2020 00:45:36 Asia/Tokyo] POSTされた
[04-Mar-2020 00:45:36 Asia/Tokyo] POSTされた
[04-Mar-2020 00:45:36 Asia/Tokyo] POSTされた
[04-Mar-2020 00:45:37 Asia/Tokyo] POSTされた
[04-Mar-2020 00:45:37 Asia/Tokyo] POSTされた
[04-Mar-2020 00:45:37 Asia/Tokyo] POSTされた
[04-Mar-2020 00:45:37 Asia/Tokyo] POSTされた
[04-Mar-2020 00:47:28 Asia/Tokyo] POSTされた
[04-Mar-2020 00:47:29 Asia/Tokyo] POSTされた
[04-Mar-2020 00:47:29 Asia/Tokyo] POSTされた
[04-Mar-2020 00:47:29 Asia/Tokyo] POSTされた
[04-Mar-2020 00:47:29 Asia/Tokyo] POSTされた
[04-Mar-2020 00:47:31 Asia/Tokyo] POSTされた
[04-Mar-2020 00:47:32 Asia/Tokyo] POSTされた
[04-Mar-2020 00:47:32 Asia/Tokyo] POSTされた
[04-Mar-2020 00:47:32 Asia/Tokyo] POSTされた
[04-Mar-2020 00:47:32 Asia/Tokyo] POSTされた
[04-Mar-2020 00:47:33 Asia/Tokyo] POSTされた
[04-Mar-2020 00:50:46 Asia/Tokyo] POSTされた
[04-Mar-2020 00:50:47 Asia/Tokyo] POSTされた
[04-Mar-2020 00:50:47 Asia/Tokyo] POSTされた
[04-Mar-2020 00:50:48 Asia/Tokyo] POSTされた
[04-Mar-2020 00:50:48 Asia/Tokyo] POSTされた
[04-Mar-2020 00:50:48 Asia/Tokyo] POSTされた
[04-Mar-2020 00:50:48 Asia/Tokyo] POSTされた
[04-Mar-2020 00:50:49 Asia/Tokyo] POSTされた
[04-Mar-2020 00:51:30 Asia/Tokyo] POSTされた
[04-Mar-2020 00:51:31 Asia/Tokyo] POSTされた
[04-Mar-2020 00:51:31 Asia/Tokyo] POSTされた
[04-Mar-2020 00:51:32 Asia/Tokyo] POSTされた
[04-Mar-2020 00:51:32 Asia/Tokyo] POSTされた
[04-Mar-2020 00:51:32 Asia/Tokyo] POSTされた
[04-Mar-2020 00:51:32 Asia/Tokyo] POSTされた
[04-Mar-2020 01:26:47 Asia/Tokyo] POSTされた
[04-Mar-2020 01:26:48 Asia/Tokyo] POSTされた
[04-Mar-2020 01:26:48 Asia/Tokyo] POSTされた
[04-Mar-2020 01:26:49 Asia/Tokyo] POSTされた
[04-Mar-2020 01:26:49 Asia/Tokyo] POSTされた
[04-Mar-2020 01:26:49 Asia/Tokyo] POSTされた
[04-Mar-2020 01:50:18 Asia/Tokyo] POSTされた
[04-Mar-2020 01:50:21 Asia/Tokyo] POSTされた
[04-Mar-2020 01:50:23 Asia/Tokyo] POSTされた
[04-Mar-2020 01:50:25 Asia/Tokyo] POSTされた
[04-Mar-2020 01:50:27 Asia/Tokyo] POSTされた
[04-Mar-2020 01:50:29 Asia/Tokyo] POSTされた
[04-Mar-2020 01:50:31 Asia/Tokyo] POSTされた
[04-Mar-2020 01:50:32 Asia/Tokyo] POSTされた
[04-Mar-2020 01:50:33 Asia/Tokyo] POSTされた
[04-Mar-2020 01:50:35 Asia/Tokyo] POSTされた
[04-Mar-2020 01:50:37 Asia/Tokyo] POSTされた
[04-Mar-2020 01:50:39 Asia/Tokyo] POSTされた
[04-Mar-2020 01:50:41 Asia/Tokyo] POSTされた
[04-Mar-2020 01:50:42 Asia/Tokyo] POSTされた
[04-Mar-2020 01:50:44 Asia/Tokyo] POSTされた
[04-Mar-2020 01:50:46 Asia/Tokyo] POSTされた
[04-Mar-2020 01:50:47 Asia/Tokyo] POSTされた
[04-Mar-2020 01:50:49 Asia/Tokyo] POSTされた
[04-Mar-2020 01:50:50 Asia/Tokyo] POSTされた
[04-Mar-2020 01:50:51 Asia/Tokyo] POSTされた
[04-Mar-2020 01:53:14 Asia/Tokyo] POSTされた
[04-Mar-2020 01:53:16 Asia/Tokyo] POSTされた
[04-Mar-2020 01:53:18 Asia/Tokyo] POSTされた
[04-Mar-2020 01:53:20 Asia/Tokyo] POSTされた
[04-Mar-2020 01:53:40 Asia/Tokyo] POSTされた
[04-Mar-2020 01:53:43 Asia/Tokyo] POSTされた
[04-Mar-2020 01:53:45 Asia/Tokyo] POSTされた
[04-Mar-2020 01:53:47 Asia/Tokyo] POSTされた
[04-Mar-2020 01:53:47 Asia/Tokyo] POSTされた
[04-Mar-2020 01:53:48 Asia/Tokyo] POSTされた
[04-Mar-2020 01:53:56 Asia/Tokyo] POSTされた
[04-Mar-2020 01:53:56 Asia/Tokyo] POSTされた
[04-Mar-2020 01:53:56 Asia/Tokyo] POSTされた
[04-Mar-2020 01:53:56 Asia/Tokyo] POSTされた
[04-Mar-2020 01:53:56 Asia/Tokyo] POSTされた
[04-Mar-2020 01:54:11 Asia/Tokyo] POSTされた
[04-Mar-2020 01:54:14 Asia/Tokyo] POSTされた
[04-Mar-2020 01:54:16 Asia/Tokyo] POSTされた
[04-Mar-2020 01:54:17 Asia/Tokyo] POSTされた
[04-Mar-2020 01:54:19 Asia/Tokyo] POSTされた
[04-Mar-2020 01:54:21 Asia/Tokyo] POSTされた
[04-Mar-2020 01:54:22 Asia/Tokyo] POSTされた
[04-Mar-2020 01:54:25 Asia/Tokyo] POSTされた
[04-Mar-2020 01:54:27 Asia/Tokyo] POSTされた
[04-Mar-2020 01:54:29 Asia/Tokyo] POSTされた
[04-Mar-2020 01:54:31 Asia/Tokyo] POSTされた
[04-Mar-2020 01:54:33 Asia/Tokyo] POSTされた
[04-Mar-2020 01:54:34 Asia/Tokyo] POSTされた
[04-Mar-2020 01:54:36 Asia/Tokyo] POSTされた
[04-Mar-2020 01:54:37 Asia/Tokyo] POSTされた
[04-Mar-2020 01:54:39 Asia/Tokyo] POSTされた
